SF:/home/sautax/git/nethsm-pkcs11/pkcs11/src/api/decrypt.rs
FN:9,_RNvNtNtCsggOPaNFMSYu_13nethsm_pkcs113api7decrypt13C_DecryptInit
FN:40,_RNvNtNtCsggOPaNFMSYu_13nethsm_pkcs113api7decrypt9C_Decrypt
FN:100,_RNvNtNtCsggOPaNFMSYu_13nethsm_pkcs113api7decrypt15C_DecryptUpdate
FN:131,_RNvNtNtCsggOPaNFMSYu_13nethsm_pkcs113api7decrypt14C_DecryptFinal
FN:193,_RNvNtNtCsggOPaNFMSYu_13nethsm_pkcs113api7decrypt21C_DecryptVerifyUpdate
FN:9,_RNvNtNtCsjTLMFSz4sfV_13nethsm_pkcs113api7decrypt13C_DecryptInit
FN:40,_RNvNtNtCsjTLMFSz4sfV_13nethsm_pkcs113api7decrypt9C_Decrypt
FN:100,_RNvNtNtCsjTLMFSz4sfV_13nethsm_pkcs113api7decrypt15C_DecryptUpdate
FN:131,_RNvNtNtCsjTLMFSz4sfV_13nethsm_pkcs113api7decrypt14C_DecryptFinal
FN:193,_RNvNtNtCsjTLMFSz4sfV_13nethsm_pkcs113api7decrypt21C_DecryptVerifyUpdate
FN:209,_RNCNvNtNtNtCsjTLMFSz4sfV_13nethsm_pkcs113api7decrypt5tests26test_decrypt_verify_update0B9_
FN:210,_RNvNtNtNtCsjTLMFSz4sfV_13nethsm_pkcs113api7decrypt5testss_26test_decrypt_verify_update
FNDA:12,_RNvNtNtCsggOPaNFMSYu_13nethsm_pkcs113api7decrypt13C_DecryptInit
FNDA:12,_RNvNtNtCsggOPaNFMSYu_13nethsm_pkcs113api7decrypt9C_Decrypt
FNDA:0,_RNvNtNtCsggOPaNFMSYu_13nethsm_pkcs113api7decrypt15C_DecryptUpdate
FNDA:0,_RNvNtNtCsggOPaNFMSYu_13nethsm_pkcs113api7decrypt14C_DecryptFinal
FNDA:0,_RNvNtNtCsggOPaNFMSYu_13nethsm_pkcs113api7decrypt21C_DecryptVerifyUpdate
FNDA:0,_RNvNtNtCsjTLMFSz4sfV_13nethsm_pkcs113api7decrypt13C_DecryptInit
FNDA:0,_RNvNtNtCsjTLMFSz4sfV_13nethsm_pkcs113api7decrypt9C_Decrypt
FNDA:0,_RNvNtNtCsjTLMFSz4sfV_13nethsm_pkcs113api7decrypt15C_DecryptUpdate
FNDA:0,_RNvNtNtCsjTLMFSz4sfV_13nethsm_pkcs113api7decrypt14C_DecryptFinal
FNDA:1,_RNvNtNtCsjTLMFSz4sfV_13nethsm_pkcs113api7decrypt21C_DecryptVerifyUpdate
FNDA:1,_RNCNvNtNtNtCsjTLMFSz4sfV_13nethsm_pkcs113api7decrypt5tests26test_decrypt_verify_update0B9_
FNDA:1,_RNvNtNtNtCsjTLMFSz4sfV_13nethsm_pkcs113api7decrypt5testss_26test_decrypt_verify_update
FNF:7
FNH:5
DA:9,12
DA:10,12
DA:11,12
DA:12,12
DA:13,12
DA:14,12
DA:16,12
DA:17,0
DA:18,12
DA:19,12
DA:20,12
DA:22,12
DA:24,12
DA:25,12
DA:26,0
DA:27,0
DA:28,0
DA:32,12
DA:34,12
DA:35,12
DA:36,0
DA:38,12
DA:40,12
DA:41,12
DA:42,12
DA:43,12
DA:44,12
DA:45,12
DA:46,12
DA:47,12
DA:49,12
DA:51,12
DA:52,0
DA:53,0
DA:54,12
DA:55,12
DA:56,12
DA:57,12
DA:58,12
DA:59,12
DA:60,12
DA:61,12
DA:62,12
DA:63,12
DA:64,12
DA:65,0
DA:66,12
DA:67,12
DA:68,12
DA:69,0
DA:70,12
DA:71,12
DA:72,12
DA:74,12
DA:75,12
DA:76,0
DA:77,0
DA:78,0
DA:82,12
DA:83,12
DA:84,12
DA:85,12
DA:86,12
DA:87,12
DA:88,0
DA:89,12
DA:90,12
DA:91,12
DA:92,12
DA:93,12
DA:94,12
DA:95,12
DA:96,12
DA:97,12
DA:98,12
DA:100,0
DA:101,0
DA:102,0
DA:103,0
DA:104,0
DA:105,0
DA:106,0
DA:107,0
DA:109,0
DA:111,0
DA:112,0
DA:113,0
DA:114,0
DA:115,0
DA:116,0
DA:117,0
DA:118,0
DA:119,0
DA:120,0
DA:121,0
DA:122,0
DA:123,0
DA:124,0
DA:125,0
DA:126,0
DA:129,0
DA:131,0
DA:132,0
DA:133,0
DA:134,0
DA:135,0
DA:136,0
DA:138,0
DA:140,0
DA:141,0
DA:142,0
DA:143,0
DA:144,0
DA:145,0
DA:147,0
DA:148,0
DA:149,0
DA:150,0
DA:151,0
DA:155,0
DA:156,0
DA:157,0
DA:158,0
DA:159,0
DA:160,0
DA:161,0
DA:162,0
DA:163,0
DA:164,0
DA:165,0
DA:167,0
DA:168,0
DA:169,0
DA:170,0
DA:171,0
DA:175,0
DA:176,0
DA:177,0
DA:178,0
DA:179,0
DA:180,0
DA:181,0
DA:182,0
DA:183,0
DA:184,0
DA:185,0
DA:186,0
DA:187,0
DA:188,0
DA:189,0
DA:190,0
DA:191,0
DA:193,1
DA:194,1
DA:195,1
DA:196,1
DA:197,1
DA:198,1
DA:199,1
DA:200,1
DA:201,1
DA:202,1
DA:209,1
DA:210,1
DA:211,1
DA:212,1
DA:213,1
DA:214,1
DA:215,1
DA:216,1
DA:217,1
DA:218,1
DA:219,1
DA:220,1
BRF:0
BRH:0
LF:174
LH:84
end_of_record
SF:/home/sautax/git/nethsm-pkcs11/pkcs11/src/api/digest.rs
FN:7,_RNvNtNtCsggOPaNFMSYu_13nethsm_pkcs113api6digest12C_DigestInit
FN:83,_RNvNtNtCsggOPaNFMSYu_13nethsm_pkcs113api6digest21C_DecryptDigestUpdate
FN:20,_RNvNtNtCsggOPaNFMSYu_13nethsm_pkcs113api6digest8C_Digest
FN:36,_RNvNtNtCsggOPaNFMSYu_13nethsm_pkcs113api6digest14C_DigestUpdate
FN:50,_RNvNtNtCsggOPaNFMSYu_13nethsm_pkcs113api6digest13C_DigestFinal
FN:64,_RNvNtNtCsggOPaNFMSYu_13nethsm_pkcs113api6digest11C_DigestKey
FN:72,_RNvNtNtCsggOPaNFMSYu_13nethsm_pkcs113api6digest21C_DigestEncryptUpdate
FN:136,_RNvNtNtNtCsjTLMFSz4sfV_13nethsm_pkcs113api6digest5testss_17test_digest_final
FN:151,_RNvNtNtNtCsjTLMFSz4sfV_13nethsm_pkcs113api6digest5testss_26test_digest_encrypt_update
FN:128,_RNvNtNtNtCsjTLMFSz4sfV_13nethsm_pkcs113api6digest5testss_18test_digest_update
FN:112,_RNvNtNtNtCsjTLMFSz4sfV_13nethsm_pkcs113api6digest5testss_11test_digest
FN:145,_RNvNtNtNtCsjTLMFSz4sfV_13nethsm_pkcs113api6digest5testss_15test_digest_key
FN:100,_RNvNtNtNtCsjTLMFSz4sfV_13nethsm_pkcs113api6digest5testss_16test_digest_init
FN:167,_RNvNtNtNtCsjTLMFSz4sfV_13nethsm_pkcs113api6digest5testss_26test_decrypt_digest_update
FN:166,_RNCNvNtNtNtCsjTLMFSz4sfV_13nethsm_pkcs113api6digest5tests26test_decrypt_digest_update0B9_
FN:127,_RNCNvNtNtNtCsjTLMFSz4sfV_13nethsm_pkcs113api6digest5tests18test_digest_update0B9_
FN:144,_RNCNvNtNtNtCsjTLMFSz4sfV_13nethsm_pkcs113api6digest5tests15test_digest_key0B9_
FN:99,_RNCNvNtNtNtCsjTLMFSz4sfV_13nethsm_pkcs113api6digest5tests16test_digest_init0B9_
FN:111,_RNCNvNtNtNtCsjTLMFSz4sfV_13nethsm_pkcs113api6digest5tests11test_digest0B9_
FN:135,_RNCNvNtNtNtCsjTLMFSz4sfV_13nethsm_pkcs113api6digest5tests17test_digest_final0B9_
FN:150,_RNCNvNtNtNtCsjTLMFSz4sfV_13nethsm_pkcs113api6digest5tests26test_digest_encrypt_update0B9_
FN:64,_RNvNtNtCsjTLMFSz4sfV_13nethsm_pkcs113api6digest11C_DigestKey
FN:72,_RNvNtNtCsjTLMFSz4sfV_13nethsm_pkcs113api6digest21C_DigestEncryptUpdate
FN:7,_RNvNtNtCsjTLMFSz4sfV_13nethsm_pkcs113api6digest12C_DigestInit
FN:83,_RNvNtNtCsjTLMFSz4sfV_13nethsm_pkcs113api6digest21C_DecryptDigestUpdate
FN:20,_RNvNtNtCsjTLMFSz4sfV_13nethsm_pkcs113api6digest8C_Digest
FN:36,_RNvNtNtCsjTLMFSz4sfV_13nethsm_pkcs113api6digest14C_DigestUpdate
FN:50,_RNvNtNtCsjTLMFSz4sfV_13nethsm_pkcs113api6digest13C_DigestFinal
FNDA:0,_RNvNtNtCsggOPaNFMSYu_13nethsm_pkcs113api6digest12C_DigestInit
FNDA:0,_RNvNtNtCsggOPaNFMSYu_13nethsm_pkcs113api6digest21C_DecryptDigestUpdate
FNDA:0,_RNvNtNtCsggOPaNFMSYu_13nethsm_pkcs113api6digest8C_Digest
FNDA:0,_RNvNtNtCsggOPaNFMSYu_13nethsm_pkcs113api6digest14C_DigestUpdate
FNDA:0,_RNvNtNtCsggOPaNFMSYu_13nethsm_pkcs113api6digest13C_DigestFinal
FNDA:0,_RNvNtNtCsggOPaNFMSYu_13nethsm_pkcs113api6digest11C_DigestKey
FNDA:0,_RNvNtNtCsggOPaNFMSYu_13nethsm_pkcs113api6digest21C_DigestEncryptUpdate
FNDA:1,_RNvNtNtNtCsjTLMFSz4sfV_13nethsm_pkcs113api6digest5testss_17test_digest_final
FNDA:1,_RNvNtNtNtCsjTLMFSz4sfV_13nethsm_pkcs113api6digest5testss_26test_digest_encrypt_update
FNDA:1,_RNvNtNtNtCsjTLMFSz4sfV_13nethsm_pkcs113api6digest5testss_18test_digest_update
FNDA:1,_RNvNtNtNtCsjTLMFSz4sfV_13nethsm_pkcs113api6digest5testss_11test_digest
FNDA:1,_RNvNtNtNtCsjTLMFSz4sfV_13nethsm_pkcs113api6digest5testss_15test_digest_key
FNDA:1,_RNvNtNtNtCsjTLMFSz4sfV_13nethsm_pkcs113api6digest5testss_16test_digest_init
FNDA:1,_RNvNtNtNtCsjTLMFSz4sfV_13nethsm_pkcs113api6digest5testss_26test_decrypt_digest_update
FNDA:1,_RNCNvNtNtNtCsjTLMFSz4sfV_13nethsm_pkcs113api6digest5tests26test_decrypt_digest_update0B9_
FNDA:1,_RNCNvNtNtNtCsjTLMFSz4sfV_13nethsm_pkcs113api6digest5tests18test_digest_update0B9_
FNDA:1,_RNCNvNtNtNtCsjTLMFSz4sfV_13nethsm_pkcs113api6digest5tests15test_digest_key0B9_
FNDA:1,_RNCNvNtNtNtCsjTLMFSz4sfV_13nethsm_pkcs113api6digest5tests16test_digest_init0B9_
FNDA:1,_RNCNvNtNtNtCsjTLMFSz4sfV_13nethsm_pkcs113api6digest5tests11test_digest0B9_
FNDA:1,_RNCNvNtNtNtCsjTLMFSz4sfV_13nethsm_pkcs113api6digest5tests17test_digest_final0B9_
FNDA:1,_RNCNvNtNtNtCsjTLMFSz4sfV_13nethsm_pkcs113api6digest5tests26test_digest_encrypt_update0B9_
FNDA:1,_RNvNtNtCsjTLMFSz4sfV_13nethsm_pkcs113api6digest11C_DigestKey
FNDA:1,_RNvNtNtCsjTLMFSz4sfV_13nethsm_pkcs113api6digest21C_DigestEncryptUpdate
FNDA:1,_RNvNtNtCsjTLMFSz4sfV_13nethsm_pkcs113api6digest12C_DigestInit
FNDA:1,_RNvNtNtCsjTLMFSz4sfV_13nethsm_pkcs113api6digest21C_DecryptDigestUpdate
FNDA:1,_RNvNtNtCsjTLMFSz4sfV_13nethsm_pkcs113api6digest8C_Digest
FNDA:1,_RNvNtNtCsjTLMFSz4sfV_13nethsm_pkcs113api6digest14C_DigestUpdate
FNDA:1,_RNvNtNtCsjTLMFSz4sfV_13nethsm_pkcs113api6digest13C_DigestFinal
FNF:21
FNH:21
DA:7,1
DA:8,1
DA:9,1
DA:10,1
DA:11,1
DA:13,1
DA:14,0
DA:15,1
DA:16,1
DA:17,1
DA:18,1
DA:20,1
DA:21,1
DA:22,1
DA:23,1
DA:24,1
DA:25,1
DA:26,1
DA:27,1
DA:29,1
DA:30,0
DA:31,1
DA:32,1
DA:33,1
DA:34,1
DA:36,1
DA:37,1
DA:38,1
DA:39,1
DA:40,1
DA:41,1
DA:43,1
DA:44,0
DA:45,1
DA:46,1
DA:47,1
DA:48,1
DA:50,1
DA:51,1
DA:52,1
DA:53,1
DA:54,1
DA:55,1
DA:57,1
DA:58,0
DA:59,1
DA:60,1
DA:61,1
DA:62,1
DA:64,1
DA:65,1
DA:66,1
DA:67,1
DA:68,1
DA:69,1
DA:70,1
DA:72,1
DA:73,1
DA:74,1
DA:75,1
DA:76,1
DA:77,1
DA:78,1
DA:79,1
DA:80,1
DA:81,1
DA:83,1
DA:84,1
DA:85,1
DA:86,1
DA:87,1
DA:88,1
DA:89,1
DA:90,1
DA:91,1
DA:92,1
DA:99,1
DA:100,1
DA:101,1
DA:102,1
DA:103,1
DA:104,1
DA:105,1
DA:106,1
DA:107,1
DA:108,1
DA:109,1
DA:111,1
DA:112,1
DA:113,1
DA:114,1
DA:115,1
DA:116,1
DA:117,1
DA:118,1
DA:119,1
DA:120,1
DA:121,1
DA:122,1
DA:123,1
DA:124,1
DA:125,1
DA:127,1
DA:128,1
DA:129,1
DA:130,1
DA:131,1
DA:132,1
DA:133,1
DA:135,1
DA:136,1
DA:137,1
DA:138,1
DA:139,1
DA:140,1
DA:141,1
DA:142,1
DA:144,1
DA:145,1
DA:146,1
DA:147,1
DA:148,1
DA:150,1
DA:151,1
DA:152,1
DA:153,1
DA:154,1
DA:155,1
DA:156,1
DA:157,1
DA:158,1
DA:159,1
DA:160,1
DA:161,1
DA:162,1
DA:163,1
DA:164,1
DA:166,1
DA:167,1
DA:168,1
DA:169,1
DA:170,1
DA:171,1
DA:172,1
DA:173,1
DA:174,1
DA:175,1
DA:176,1
DA:177,1
DA:178,1
DA:179,1
DA:180,1
BRF:0
BRH:0
LF:152
LH:148
end_of_record
SF:/home/sautax/git/nethsm-pkcs11/pkcs11/src/api/encrypt.rs
FN:43,_RNvNtNtCsggOPaNFMSYu_13nethsm_pkcs113api7encrypt9C_Encrypt
FN:111,_RNvNtNtCsggOPaNFMSYu_13nethsm_pkcs113api7encrypt15C_EncryptUpdate
FN:175,_RNvNtNtCsggOPaNFMSYu_13nethsm_pkcs113api7encrypt14C_EncryptFinal
FN:12,_RNvNtNtCsggOPaNFMSYu_13nethsm_pkcs113api7encrypt13C_EncryptInit
FN:43,_RNvNtNtCsjTLMFSz4sfV_13nethsm_pkcs113api7encrypt9C_Encrypt
FN:175,_RNvNtNtCsjTLMFSz4sfV_13nethsm_pkcs113api7encrypt14C_EncryptFinal
FN:12,_RNvNtNtCsjTLMFSz4sfV_13nethsm_pkcs113api7encrypt13C_EncryptInit
FN:111,_RNvNtNtCsjTLMFSz4sfV_13nethsm_pkcs113api7encrypt15C_EncryptUpdate
FNDA:1,_RNvNtNtCsggOPaNFMSYu_13nethsm_pkcs113api7encrypt9C_Encrypt
FNDA:0,_RNvNtNtCsggOPaNFMSYu_13nethsm_pkcs113api7encrypt15C_EncryptUpdate
FNDA:0,_RNvNtNtCsggOPaNFMSYu_13nethsm_pkcs113api7encrypt14C_EncryptFinal
FNDA:1,_RNvNtNtCsggOPaNFMSYu_13nethsm_pkcs113api7encrypt13C_EncryptInit
FNDA:0,_RNvNtNtCsjTLMFSz4sfV_13nethsm_pkcs113api7encrypt9C_Encrypt
FNDA:0,_RNvNtNtCsjTLMFSz4sfV_13nethsm_pkcs113api7encrypt14C_EncryptFinal
FNDA:0,_RNvNtNtCsjTLMFSz4sfV_13nethsm_pkcs113api7encrypt13C_EncryptInit
FNDA:0,_RNvNtNtCsjTLMFSz4sfV_13nethsm_pkcs113api7encrypt15C_EncryptUpdate
FNF:4
FNH:2
DA:12,1
DA:13,1
DA:14,1
DA:15,1
DA:16,1
DA:17,1
DA:19,1
DA:20,0
DA:21,1
DA:22,1
DA:23,1
DA:25,1
DA:27,1
DA:28,1
DA:29,0
DA:30,0
DA:31,0
DA:35,1
DA:37,1
DA:38,1
DA:39,0
DA:41,1
DA:43,1
DA:44,1
DA:45,1
DA:46,1
DA:47,1
DA:48,1
DA:49,1
DA:50,1
DA:52,1
DA:54,1
DA:55,0
DA:56,0
DA:57,1
DA:58,1
DA:59,1
DA:60,1
DA:61,1
DA:62,1
DA:63,1
DA:64,0
DA:65,0
DA:66,0
DA:67,0
DA:68,1
DA:69,1
DA:70,1
DA:71,1
DA:72,1
DA:73,1
DA:74,1
DA:75,1
DA:76,1
DA:77,0
DA:78,1
DA:80,1
DA:81,1
DA:82,0
DA:83,0
DA:84,0
DA:88,1
DA:89,1
DA:90,1
DA:91,1
DA:92,1
DA:93,1
DA:94,1
DA:95,0
DA:96,1
DA:97,1
DA:98,1
DA:99,1
DA:100,1
DA:101,1
DA:102,1
DA:103,1
DA:104,1
DA:105,1
DA:106,1
DA:107,1
DA:108,1
DA:109,1
DA:111,0
DA:112,0
DA:113,0
DA:114,0
DA:115,0
DA:116,0
DA:117,0
DA:118,0
DA:120,0
DA:122,0
DA:123,0
DA:124,0
DA:125,0
DA:126,0
DA:127,0
DA:129,0
DA:130,0
DA:131,0
DA:132,0
DA:133,0
DA:134,0
DA:135,0
DA:136,0
DA:137,0
DA:138,0
DA:139,0
DA:140,0
DA:141,0
DA:142,0
DA:143,0
DA:144,0
DA:145,0
DA:146,0
DA:148,0
DA:149,0
DA:150,0
DA:151,0
DA:152,0
DA:156,0
DA:157,0
DA:158,0
DA:159,0
DA:160,0
DA:161,0
DA:162,0
DA:163,0
DA:164,0
DA:165,0
DA:166,0
DA:167,0
DA:168,0
DA:169,0
DA:170,0
DA:171,0
DA:172,0
DA:173,0
DA:175,0
DA:176,0
DA:177,0
DA:178,0
DA:179,0
DA:180,0
DA:182,0
DA:184,0
DA:185,0
DA:186,0
DA:187,0
DA:188,0
DA:189,0
DA:190,0
DA:191,0
DA:192,0
DA:193,0
DA:194,0
DA:195,0
DA:196,0
DA:197,0
DA:198,0
DA:199,0
DA:200,0
DA:201,0
DA:202,0
DA:204,0
DA:205,0
DA:206,0
DA:207,0
DA:208,0
DA:212,0
DA:213,0
DA:214,0
DA:215,0
DA:216,0
DA:217,0
DA:218,0
DA:219,0
DA:220,0
DA:221,0
DA:222,0
DA:223,0
DA:224,0
DA:225,0
DA:226,0
DA:227,0
DA:228,0
DA:229,0
DA:230,0
DA:231,0
DA:232,0
DA:233,0
BRF:0
BRH:0
LF:192
LH:67
end_of_record
SF:/home/sautax/git/nethsm-pkcs11/pkcs11/src/api/generation.rs
FN:154,_RNvNtNtCsggOPaNFMSYu_13nethsm_pkcs113api10generation9C_WrapKey
FN:166,_RNvNtNtCsggOPaNFMSYu_13nethsm_pkcs113api10generation11C_UnwrapKey
FN:180,_RNvNtNtCsggOPaNFMSYu_13nethsm_pkcs113api10generation11C_DeriveKey
FN:15,_RNvNtNtCsggOPaNFMSYu_13nethsm_pkcs113api10generation13C_GenerateKey
FN:193,_RNvNtNtCsggOPaNFMSYu_13nethsm_pkcs113api10generation12C_SeedRandom
FN:69,_RNvNtNtCsggOPaNFMSYu_13nethsm_pkcs113api10generation17C_GenerateKeyPair
FN:202,_RNvNtNtCsggOPaNFMSYu_13nethsm_pkcs113api10generation16C_GenerateRandom
FN:122,_RNCNvNtNtCsggOPaNFMSYu_13nethsm_pkcs113api10generation17C_GenerateKeyPair0B7_
FN:252,_RNCNvNtNtCsggOPaNFMSYu_13nethsm_pkcs113api10generation16C_GenerateRandoms_0B7_
FN:256,_RNCNCNCNvNtNtCsggOPaNFMSYu_13nethsm_pkcs113api10generation16C_GenerateRandoms_000Bb_
FN:240,_RNCNCNvNtNtCsggOPaNFMSYu_13nethsm_pkcs113api10generation16C_GenerateRandom00B9_
FN:238,_RNCNvNtNtCsggOPaNFMSYu_13nethsm_pkcs113api10generation16C_GenerateRandom0B7_
FN:154,_RNvNtNtCsjTLMFSz4sfV_13nethsm_pkcs113api10generation9C_WrapKey
FN:166,_RNvNtNtCsjTLMFSz4sfV_13nethsm_pkcs113api10generation11C_UnwrapKey
FN:180,_RNvNtNtCsjTLMFSz4sfV_13nethsm_pkcs113api10generation11C_DeriveKey
FN:15,_RNvNtNtCsjTLMFSz4sfV_13nethsm_pkcs113api10generation13C_GenerateKey
FN:193,_RNvNtNtCsjTLMFSz4sfV_13nethsm_pkcs113api10generation12C_SeedRandom
FN:69,_RNvNtNtCsjTLMFSz4sfV_13nethsm_pkcs113api10generation17C_GenerateKeyPair
FN:202,_RNvNtNtCsjTLMFSz4sfV_13nethsm_pkcs113api10generation16C_GenerateRandom
FN:238,_RNCNvNtNtCsjTLMFSz4sfV_13nethsm_pkcs113api10generation16C_GenerateRandom0B7_
FN:240,_RNCNCNvNtNtCsjTLMFSz4sfV_13nethsm_pkcs113api10generation16C_GenerateRandom00B9_
FN:310,_RNCNvNtNtNtCsjTLMFSz4sfV_13nethsm_pkcs113api10generation5tests15test_unwrap_key0B9_
FN:325,_RNCNvNtNtNtCsjTLMFSz4sfV_13nethsm_pkcs113api10generation5tests15test_derive_key0B9_
FN:297,_RNCNvNtNtNtCsjTLMFSz4sfV_13nethsm_pkcs113api10generation5tests13test_wrap_key0B9_
FN:338,_RNCNvNtNtNtCsjTLMFSz4sfV_13nethsm_pkcs113api10generation5tests16test_seed_random0B9_
FN:339,_RNvNtNtNtCsjTLMFSz4sfV_13nethsm_pkcs113api10generation5testss_16test_seed_random
FN:311,_RNvNtNtNtCsjTLMFSz4sfV_13nethsm_pkcs113api10generation5testss_15test_unwrap_key
FN:326,_RNvNtNtNtCsjTLMFSz4sfV_13nethsm_pkcs113api10generation5testss_15test_derive_key
FN:298,_RNvNtNtNtCsjTLMFSz4sfV_13nethsm_pkcs113api10generation5testss_13test_wrap_key
FN:252,_RNCNvNtNtCsjTLMFSz4sfV_13nethsm_pkcs113api10generation16C_GenerateRandoms_0B7_
FN:256,_RNCNCNCNvNtNtCsjTLMFSz4sfV_13nethsm_pkcs113api10generation16C_GenerateRandoms_000Bb_
FN:122,_RNCNvNtNtCsjTLMFSz4sfV_13nethsm_pkcs113api10generation17C_GenerateKeyPair0B7_
FNDA:0,_RNvNtNtCsggOPaNFMSYu_13nethsm_pkcs113api10generation9C_WrapKey
FNDA:0,_RNvNtNtCsggOPaNFMSYu_13nethsm_pkcs113api10generation11C_UnwrapKey
FNDA:0,_RNvNtNtCsggOPaNFMSYu_13nethsm_pkcs113api10generation11C_DeriveKey
FNDA:1,_RNvNtNtCsggOPaNFMSYu_13nethsm_pkcs113api10generation13C_GenerateKey
FNDA:1,_RNvNtNtCsggOPaNFMSYu_13nethsm_pkcs113api10generation12C_SeedRandom
FNDA:6,_RNvNtNtCsggOPaNFMSYu_13nethsm_pkcs113api10generation17C_GenerateKeyPair
FNDA:6,_RNvNtNtCsggOPaNFMSYu_13nethsm_pkcs113api10generation16C_GenerateRandom
FNDA:47,_RNCNvNtNtCsggOPaNFMSYu_13nethsm_pkcs113api10generation17C_GenerateKeyPair0B7_
FNDA:5,_RNCNvNtNtCsggOPaNFMSYu_13nethsm_pkcs113api10generation16C_GenerateRandoms_0B7_
FNDA:5,_RNCNCNCNvNtNtCsggOPaNFMSYu_13nethsm_pkcs113api10generation16C_GenerateRandoms_000Bb_
FNDA:0,_RNCNCNvNtNtCsggOPaNFMSYu_13nethsm_pkcs113api10generation16C_GenerateRandom00B9_
FNDA:0,_RNCNvNtNtCsggOPaNFMSYu_13nethsm_pkcs113api10generation16C_GenerateRandom0B7_
FNDA:1,_RNvNtNtCsjTLMFSz4sfV_13nethsm_pkcs113api10generation9C_WrapKey
FNDA:1,_RNvNtNtCsjTLMFSz4sfV_13nethsm_pkcs113api10generation11C_UnwrapKey
FNDA:1,_RNvNtNtCsjTLMFSz4sfV_13nethsm_pkcs113api10generation11C_DeriveKey
FNDA:0,_RNvNtNtCsjTLMFSz4sfV_13nethsm_pkcs113api10generation13C_GenerateKey
FNDA:1,_RNvNtNtCsjTLMFSz4sfV_13nethsm_pkcs113api10generation12C_SeedRandom
FNDA:0,_RNvNtNtCsjTLMFSz4sfV_13nethsm_pkcs113api10generation17C_GenerateKeyPair
FNDA:0,_RNvNtNtCsjTLMFSz4sfV_13nethsm_pkcs113api10generation16C_GenerateRandom
FNDA:0,_RNCNvNtNtCsjTLMFSz4sfV_13nethsm_pkcs113api10generation16C_GenerateRandom0B7_
FNDA:0,_RNCNCNvNtNtCsjTLMFSz4sfV_13nethsm_pkcs113api10generation16C_GenerateRandom00B9_
FNDA:1,_RNCNvNtNtNtCsjTLMFSz4sfV_13nethsm_pkcs113api10generation5tests15test_unwrap_key0B9_
FNDA:1,_RNCNvNtNtNtCsjTLMFSz4sfV_13nethsm_pkcs113api10generation5tests15test_derive_key0B9_
FNDA:1,_RNCNvNtNtNtCsjTLMFSz4sfV_13nethsm_pkcs113api10generation5tests13test_wrap_key0B9_
FNDA:1,_RNCNvNtNtNtCsjTLMFSz4sfV_13nethsm_pkcs113api10generation5tests16test_seed_random0B9_
FNDA:1,_RNvNtNtNtCsjTLMFSz4sfV_13nethsm_pkcs113api10generation5testss_16test_seed_random
FNDA:1,_RNvNtNtNtCsjTLMFSz4sfV_13nethsm_pkcs113api10generation5testss_15test_unwrap_key
FNDA:1,_RNvNtNtNtCsjTLMFSz4sfV_13nethsm_pkcs113api10generation5testss_15test_derive_key
FNDA:1,_RNvNtNtNtCsjTLMFSz4sfV_13nethsm_pkcs113api10generation5testss_13test_wrap_key
FNDA:0,_RNCNvNtNtCsjTLMFSz4sfV_13nethsm_pkcs113api10generation16C_GenerateRandoms_0B7_
FNDA:0,_RNCNCNCNvNtNtCsjTLMFSz4sfV_13nethsm_pkcs113api10generation16C_GenerateRandoms_000Bb_
FNDA:0,_RNCNvNtNtCsjTLMFSz4sfV_13nethsm_pkcs113api10generation17C_GenerateKeyPair0B7_
FNF:20
FNH:18
DA:15,1
DA:16,1
DA:17,1
DA:18,1
DA:19,1
DA:20,1
DA:21,1
DA:22,1
DA:24,1
DA:25,0
DA:26,1
DA:27,1
DA:28,1
DA:30,1
DA:31,1
DA:32,1
DA:33,1
DA:35,1
DA:36,1
DA:38,1
DA:39,1
DA:40,0
DA:41,0
DA:42,0
DA:46,1
DA:47,1
DA:48,0
DA:49,0
DA:50,0
DA:54,1
DA:55,0
DA:56,0
DA:59,0
DA:60,1
DA:61,1
DA:62,1
DA:63,1
DA:64,1
DA:65,1
DA:66,1
DA:67,1
DA:69,6
DA:70,6
DA:71,6
DA:72,6
DA:73,6
DA:74,6
DA:75,6
DA:76,6
DA:77,6
DA:78,6
DA:79,6
DA:81,6
DA:82,6
DA:83,6
DA:84,6
DA:85,6
DA:87,0
DA:88,6
DA:89,6
DA:90,6
DA:92,6
DA:93,6
DA:94,6
DA:95,6
DA:97,6
DA:98,6
DA:100,6
DA:101,6
DA:102,0
DA:103,0
DA:104,0
DA:108,6
DA:109,6
DA:110,6
DA:111,6
DA:112,6
DA:113,6
DA:114,6
DA:115,6
DA:116,6
DA:117,6
DA:118,6
DA:119,6
DA:120,6
DA:121,6
DA:122,47
DA:123,47
DA:124,0
DA:125,0
DA:126,0
DA:128,47
DA:130,6
DA:131,6
DA:132,0
DA:133,0
DA:134,0
DA:138,6
DA:139,0
DA:140,0
DA:143,0
DA:144,6
DA:145,6
DA:146,6
DA:147,6
DA:148,6
DA:149,6
DA:150,6
DA:151,6
DA:152,6
DA:154,1
DA:155,1
DA:156,1
DA:157,1
DA:158,1
DA:159,1
DA:160,1
DA:161,1
DA:162,1
DA:163,1
DA:164,1
DA:166,1
DA:167,1
DA:168,1
DA:169,1
DA:170,1
DA:171,1
DA:172,1
DA:173,1
DA:174,1
DA:175,1
DA:176,1
DA:177,1
DA:178,1
DA:180,1
DA:181,1
DA:182,1
DA:183,1
DA:184,1
DA:185,1
DA:186,1
DA:187,1
DA:188,1
DA:189,1
DA:190,1
DA:193,2
DA:194,2
DA:195,2
DA:196,2
DA:197,2
DA:198,2
DA:199,2
DA:200,2
DA:202,6
DA:203,6
DA:204,6
DA:205,6
DA:206,6
DA:207,6
DA:209,6
DA:210,0
DA:211,6
DA:212,6
DA:213,6
DA:214,1
DA:215,5
DA:216,5
DA:217,5
DA:218,0
DA:219,0
DA:223,0
DA:224,5
DA:225,5
DA:227,5
DA:228,5
DA:229,5
DA:231,0
DA:232,0
DA:235,0
DA:236,5
DA:237,5
DA:238,5
DA:239,0
DA:240,0
DA:241,0
DA:242,0
DA:243,0
DA:244,0
DA:245,0
DA:246,0
DA:247,0
DA:248,0
DA:249,0
DA:250,0
DA:252,5
DA:253,5
DA:254,5
DA:255,5
DA:256,5
DA:257,5
DA:258,5
DA:259,5
DA:260,5
DA:261,5
DA:262,5
DA:263,10
DA:264,5
DA:265,5
DA:266,5
DA:267,10
DA:268,5
DA:269,5
DA:270,0
DA:271,0
DA:272,0
DA:278,5
DA:279,5
DA:280,0
DA:281,0
DA:282,0
DA:286,5
DA:287,5
DA:288,5
DA:289,5
DA:290,5
DA:291,6
DA:297,1
DA:298,1
DA:299,1
DA:300,1
DA:301,1
DA:302,1
DA:303,1
DA:304,1
DA:305,1
DA:306,1
DA:307,1
DA:308,1
DA:310,1
DA:311,1
DA:312,1
DA:313,1
DA:314,1
DA:315,1
DA:316,1
DA:317,1
DA:318,1
DA:319,1
DA:320,1
DA:321,1
DA:322,1
DA:323,1
DA:325,1
DA:326,1
DA:327,1
DA:328,1
DA:329,1
DA:330,1
DA:331,1
DA:332,1
DA:333,1
DA:334,1
DA:335,1
DA:336,1
DA:338,1
DA:339,1
DA:340,1
DA:341,1
DA:342,1
BRF:0
BRH:0
LF:277
LH:227
end_of_record
SF:/home/sautax/git/nethsm-pkcs11/pkcs11/src/api/mod.rs
FN:38,_RNvNtCsggOPaNFMSYu_13nethsm_pkcs113api12C_Initialize
FN:72,_RNvNtCsggOPaNFMSYu_13nethsm_pkcs113api10C_Finalize
FN:80,_RNvNtCsggOPaNFMSYu_13nethsm_pkcs113api9C_GetInfo
FN:24,C_GetFunctionList
FN:38,_RNvNtCsjTLMFSz4sfV_13nethsm_pkcs113api12C_Initialize
FN:80,_RNvNtCsjTLMFSz4sfV_13nethsm_pkcs113api9C_GetInfo
FN:72,_RNvNtCsjTLMFSz4sfV_13nethsm_pkcs113api10C_Finalize
FNDA:36,_RNvNtCsggOPaNFMSYu_13nethsm_pkcs113api12C_Initialize
FNDA:35,_RNvNtCsggOPaNFMSYu_13nethsm_pkcs113api10C_Finalize
FNDA:2,_RNvNtCsggOPaNFMSYu_13nethsm_pkcs113api9C_GetInfo
FNDA:36,C_GetFunctionList
FNDA:0,_RNvNtCsjTLMFSz4sfV_13nethsm_pkcs113api12C_Initialize
FNDA:0,_RNvNtCsjTLMFSz4sfV_13nethsm_pkcs113api9C_GetInfo
FNDA:0,_RNvNtCsjTLMFSz4sfV_13nethsm_pkcs113api10C_Finalize
FNF:4
FNH:4
DA:24,36
DA:25,36
DA:26,36
DA:27,36
DA:28,36
DA:29,0
DA:30,36
DA:31,36
DA:32,36
DA:33,36
DA:34,36
DA:35,36
DA:36,36
DA:38,36
DA:39,36
DA:40,36
DA:41,0
DA:42,36
DA:44,36
DA:45,36
DA:46,36
DA:47,36
DA:49,2
DA:50,2
DA:51,2
DA:52,2
DA:53,2
DA:54,0
DA:55,2
DA:56,2
DA:57,2
DA:58,2
DA:59,2
DA:60,0
DA:61,2
DA:62,2
DA:63,2
DA:64,2
DA:65,0
DA:66,2
DA:67,34
DA:69,36
DA:70,36
DA:72,35
DA:73,35
DA:74,35
DA:75,0
DA:76,35
DA:77,35
DA:78,35
DA:80,2
DA:81,2
DA:82,2
DA:83,0
DA:84,2
DA:85,2
DA:86,2
DA:87,2
DA:88,2
DA:89,2
DA:90,2
DA:91,2
DA:92,2
DA:93,2
DA:94,2
DA:95,2
DA:96,2
DA:97,2
DA:98,2
BRF:0
BRH:0
LF:69
LH:62
end_of_record
SF:/home/sautax/git/nethsm-pkcs11/pkcs11/src/api/object.rs
FN:191,_RNvNtNtCsggOPaNFMSYu_13nethsm_pkcs113api6object15C_DestroyObject
FN:70,_RNvNtNtCsggOPaNFMSYu_13nethsm_pkcs113api6object18C_FindObjectsFinal
FN:205,_RNvNtNtCsggOPaNFMSYu_13nethsm_pkcs113api6object19C_SetAttributeValue
FN:80,_RNvNtNtCsggOPaNFMSYu_13nethsm_pkcs113api6object19C_GetAttributeValue
FN:116,_RNvNtNtCsggOPaNFMSYu_13nethsm_pkcs113api6object15C_GetObjectSize
FN:144,_RNvNtNtCsggOPaNFMSYu_13nethsm_pkcs113api6object14C_CreateObject
FN:11,_RNvNtNtCsggOPaNFMSYu_13nethsm_pkcs113api6object17C_FindObjectsInit
FN:180,_RNvNtNtCsggOPaNFMSYu_13nethsm_pkcs113api6object12C_CopyObject
FN:36,_RNvNtNtCsggOPaNFMSYu_13nethsm_pkcs113api6object13C_FindObjects
FN:11,_RNvNtNtCsjTLMFSz4sfV_13nethsm_pkcs113api6object17C_FindObjectsInit
FN:180,_RNvNtNtCsjTLMFSz4sfV_13nethsm_pkcs113api6object12C_CopyObject
FN:36,_RNvNtNtCsjTLMFSz4sfV_13nethsm_pkcs113api6object13C_FindObjects
FN:191,_RNvNtNtCsjTLMFSz4sfV_13nethsm_pkcs113api6object15C_DestroyObject
FN:70,_RNvNtNtCsjTLMFSz4sfV_13nethsm_pkcs113api6object18C_FindObjectsFinal
FN:205,_RNvNtNtCsjTLMFSz4sfV_13nethsm_pkcs113api6object19C_SetAttributeValue
FN:80,_RNvNtNtCsjTLMFSz4sfV_13nethsm_pkcs113api6object19C_GetAttributeValue
FN:116,_RNvNtNtCsjTLMFSz4sfV_13nethsm_pkcs113api6object15C_GetObjectSize
FN:144,_RNvNtNtCsjTLMFSz4sfV_13nethsm_pkcs113api6object14C_CreateObject
FN:264,_RNvNtNtNtCsjTLMFSz4sfV_13nethsm_pkcs113api6object5testss_16test_copy_object
FN:263,_RNCNvNtNtNtCsjTLMFSz4sfV_13nethsm_pkcs113api6object5tests16test_copy_object0B9_
FNDA:1,_RNvNtNtCsggOPaNFMSYu_13nethsm_pkcs113api6object15C_DestroyObject
FNDA:78,_RNvNtNtCsggOPaNFMSYu_13nethsm_pkcs113api6object18C_FindObjectsFinal
FNDA:0,_RNvNtNtCsggOPaNFMSYu_13nethsm_pkcs113api6object19C_SetAttributeValue
FNDA:497,_RNvNtNtCsggOPaNFMSYu_13nethsm_pkcs113api6object19C_GetAttributeValue
FNDA:0,_RNvNtNtCsggOPaNFMSYu_13nethsm_pkcs113api6object15C_GetObjectSize
FNDA:4,_RNvNtNtCsggOPaNFMSYu_13nethsm_pkcs113api6object14C_CreateObject
FNDA:78,_RNvNtNtCsggOPaNFMSYu_13nethsm_pkcs113api6object17C_FindObjectsInit
FNDA:0,_RNvNtNtCsggOPaNFMSYu_13nethsm_pkcs113api6object12C_CopyObject
FNDA:288,_RNvNtNtCsggOPaNFMSYu_13nethsm_pkcs113api6object13C_FindObjects
FNDA:0,_RNvNtNtCsjTLMFSz4sfV_13nethsm_pkcs113api6object17C_FindObjectsInit
FNDA:1,_RNvNtNtCsjTLMFSz4sfV_13nethsm_pkcs113api6object12C_CopyObject
FNDA:0,_RNvNtNtCsjTLMFSz4sfV_13nethsm_pkcs113api6object13C_FindObjects
FNDA:0,_RNvNtNtCsjTLMFSz4sfV_13nethsm_pkcs113api6object15C_DestroyObject
FNDA:0,_RNvNtNtCsjTLMFSz4sfV_13nethsm_pkcs113api6object18C_FindObjectsFinal
FNDA:0,_RNvNtNtCsjTLMFSz4sfV_13nethsm_pkcs113api6object19C_SetAttributeValue
FNDA:0,_RNvNtNtCsjTLMFSz4sfV_13nethsm_pkcs113api6object19C_GetAttributeValue
FNDA:0,_RNvNtNtCsjTLMFSz4sfV_13nethsm_pkcs113api6object15C_GetObjectSize
FNDA:0,_RNvNtNtCsjTLMFSz4sfV_13nethsm_pkcs113api6object14C_CreateObject
FNDA:1,_RNvNtNtNtCsjTLMFSz4sfV_13nethsm_pkcs113api6object5testss_16test_copy_object
FNDA:1,_RNCNvNtNtNtCsjTLMFSz4sfV_13nethsm_pkcs113api6object5tests16test_copy_object0B9_
FNF:11
FNH:9
DA:11,78
DA:12,78
DA:13,78
DA:14,78
DA:15,78
DA:16,78
DA:18,78
DA:19,0
DA:20,78
DA:21,78
DA:22,78
DA:24,78
DA:25,78
DA:27,0
DA:29,78
DA:30,78
DA:31,78
DA:32,0
DA:34,78
DA:36,288
DA:37,288
DA:38,288
DA:39,288
DA:40,288
DA:41,288
DA:42,288
DA:44,288
DA:45,0
DA:46,288
DA:47,288
DA:48,288
DA:50,288
DA:51,288
DA:52,288
DA:53,0
DA:54,0
DA:57,288
DA:59,288
DA:60,288
DA:61,288
DA:62,288
DA:63,288
DA:64,288
DA:65,288
DA:66,288
DA:67,288
DA:68,288
DA:69,288
DA:70,78
DA:71,78
DA:72,78
DA:73,78
DA:74,78
DA:76,78
DA:77,78
DA:78,78
DA:79,78
DA:80,497
DA:81,497
DA:82,497
DA:83,497
DA:84,497
DA:85,497
DA:86,497
DA:88,497
DA:89,0
DA:90,497
DA:91,497
DA:92,497
DA:94,497
DA:95,497
DA:97,0
DA:98,0
DA:101,0
DA:105,497
DA:106,0
DA:111,497
DA:112,497
DA:113,497
DA:114,497
DA:115,497
DA:116,0
DA:117,0
DA:118,0
DA:119,0
DA:120,0
DA:121,0
DA:123,0
DA:124,0
DA:125,0
DA:126,0
DA:127,0
DA:129,0
DA:130,0
DA:132,0
DA:133,0
DA:137,0
DA:138,0
DA:139,0
DA:140,0
DA:141,0
DA:142,0
DA:144,4
DA:145,4
DA:146,4
DA:147,4
DA:148,4
DA:149,4
DA:150,4
DA:152,4
DA:153,0
DA:154,4
DA:155,4
DA:156,4
DA:158,4
DA:159,4
DA:161,4
DA:162,4
DA:163,0
DA:164,0
DA:168,4
DA:169,0
DA:170,0
DA:171,4
DA:172,4
DA:173,4
DA:174,4
DA:175,4
DA:176,4
DA:177,4
DA:178,4
DA:180,1
DA:181,1
DA:182,1
DA:183,1
DA:184,1
DA:185,1
DA:186,1
DA:187,1
DA:188,1
DA:189,1
DA:191,1
DA:192,1
DA:193,1
DA:194,1
DA:195,1
DA:197,1
DA:199,1
DA:200,1
DA:201,0
DA:203,1
DA:205,0
DA:206,0
DA:207,0
DA:208,0
DA:209,0
DA:210,0
DA:211,0
DA:213,0
DA:214,0
DA:215,0
DA:216,0
DA:217,0
DA:218,0
DA:219,0
DA:220,0
DA:221,0
DA:222,0
DA:227,0
DA:228,0
DA:230,0
DA:231,0
DA:233,0
DA:234,0
DA:237,0
DA:241,0
DA:242,0
DA:243,0
DA:245,0
DA:248,0
DA:251,0
DA:252,0
DA:253,0
DA:255,0
DA:257,0
DA:263,1
DA:264,1
DA:265,1
DA:266,1
DA:267,1
BRF:0
BRH:0
LF:190
LH:118
end_of_record
SF:/home/sautax/git/nethsm-pkcs11/pkcs11/src/api/pin.rs
FN:9,_RNvNtNtCsggOPaNFMSYu_13nethsm_pkcs113api3pin9C_InitPIN
FN:18,_RNvNtNtCsggOPaNFMSYu_13nethsm_pkcs113api3pin8C_SetPIN
FN:18,_RNvNtNtCsjTLMFSz4sfV_13nethsm_pkcs113api3pin8C_SetPIN
FN:9,_RNvNtNtCsjTLMFSz4sfV_13nethsm_pkcs113api3pin9C_InitPIN
FN:69,_RNCNvNtNtNtCsjTLMFSz4sfV_13nethsm_pkcs113api3pin5tests13test_init_pin0B9_
FN:70,_RNvNtNtNtCsjTLMFSz4sfV_13nethsm_pkcs113api3pin5testss_13test_init_pin
FNDA:0,_RNvNtNtCsggOPaNFMSYu_13nethsm_pkcs113api3pin9C_InitPIN
FNDA:1,_RNvNtNtCsggOPaNFMSYu_13nethsm_pkcs113api3pin8C_SetPIN
FNDA:0,_RNvNtNtCsjTLMFSz4sfV_13nethsm_pkcs113api3pin8C_SetPIN
FNDA:1,_RNvNtNtCsjTLMFSz4sfV_13nethsm_pkcs113api3pin9C_InitPIN
FNDA:1,_RNCNvNtNtNtCsjTLMFSz4sfV_13nethsm_pkcs113api3pin5tests13test_init_pin0B9_
FNDA:1,_RNvNtNtNtCsjTLMFSz4sfV_13nethsm_pkcs113api3pin5testss_13test_init_pin
FNF:4
FNH:4
DA:9,1
DA:10,1
DA:11,1
DA:12,1
DA:13,1
DA:14,1
DA:15,1
DA:16,1
DA:18,1
DA:19,1
DA:20,1
DA:21,1
DA:22,1
DA:23,1
DA:24,1
DA:25,1
DA:26,1
DA:28,1
DA:29,0
DA:30,1
DA:31,1
DA:32,1
DA:33,1
DA:37,1
DA:38,1
DA:39,0
DA:42,1
DA:43,1
DA:44,0
DA:47,1
DA:48,0
DA:49,1
DA:50,1
DA:51,1
DA:52,1
DA:53,1
DA:55,0
DA:56,0
DA:59,0
DA:60,1
DA:61,1
DA:62,1
DA:69,1
DA:70,1
DA:71,1
DA:72,1
DA:73,1
BRF:0
BRH:0
LF:47
LH:40
end_of_record
SF:/home/sautax/git/nethsm-pkcs11/pkcs11/src/api/session.rs
FN:121,_RNvNtNtCsggOPaNFMSYu_13nethsm_pkcs113api7session19C_GetOperationState
FN:130,_RNvNtNtCsggOPaNFMSYu_13nethsm_pkcs113api7session19C_SetOperationState
FN:7,_RNvNtNtCsggOPaNFMSYu_13nethsm_pkcs113api7session13C_OpenSession
FN:141,_RNvNtNtCsggOPaNFMSYu_13nethsm_pkcs113api7session19C_GetFunctionStatus
FN:49,_RNvNtNtCsggOPaNFMSYu_13nethsm_pkcs113api7session14C_CloseSession
FN:148,_RNvNtNtCsggOPaNFMSYu_13nethsm_pkcs113api7session16C_CancelFunction
FN:66,_RNvNtNtCsggOPaNFMSYu_13nethsm_pkcs113api7session18C_CloseAllSessions
FN:84,_RNvNtNtCsggOPaNFMSYu_13nethsm_pkcs113api7session16C_GetSessionInfo
FN:177,_RNCNvNtNtNtCsjTLMFSz4sfV_13nethsm_pkcs113api7session5tests20test_cancel_function0B9_
FN:159,_RNCNvNtNtNtCsjTLMFSz4sfV_13nethsm_pkcs113api7session5tests24test_get_operation_state0B9_
FN:171,_RNCNvNtNtNtCsjTLMFSz4sfV_13nethsm_pkcs113api7session5tests24test_get_function_status0B9_
FN:165,_RNCNvNtNtNtCsjTLMFSz4sfV_13nethsm_pkcs113api7session5tests24test_set_operation_state0B9_
FN:166,_RNvNtNtNtCsjTLMFSz4sfV_13nethsm_pkcs113api7session5testss_24test_set_operation_state
FN:178,_RNvNtNtNtCsjTLMFSz4sfV_13nethsm_pkcs113api7session5testss_20test_cancel_function
FN:160,_RNvNtNtNtCsjTLMFSz4sfV_13nethsm_pkcs113api7session5testss_24test_get_operation_state
FN:172,_RNvNtNtNtCsjTLMFSz4sfV_13nethsm_pkcs113api7session5testss_24test_get_function_status
FN:121,_RNvNtNtCsjTLMFSz4sfV_13nethsm_pkcs113api7session19C_GetOperationState
FN:130,_RNvNtNtCsjTLMFSz4sfV_13nethsm_pkcs113api7session19C_SetOperationState
FN:7,_RNvNtNtCsjTLMFSz4sfV_13nethsm_pkcs113api7session13C_OpenSession
FN:141,_RNvNtNtCsjTLMFSz4sfV_13nethsm_pkcs113api7session19C_GetFunctionStatus
FN:49,_RNvNtNtCsjTLMFSz4sfV_13nethsm_pkcs113api7session14C_CloseSession
FN:148,_RNvNtNtCsjTLMFSz4sfV_13nethsm_pkcs113api7session16C_CancelFunction
FN:66,_RNvNtNtCsjTLMFSz4sfV_13nethsm_pkcs113api7session18C_CloseAllSessions
FN:84,_RNvNtNtCsjTLMFSz4sfV_13nethsm_pkcs113api7session16C_GetSessionInfo
FNDA:0,_RNvNtNtCsggOPaNFMSYu_13nethsm_pkcs113api7session19C_GetOperationState
FNDA:0,_RNvNtNtCsggOPaNFMSYu_13nethsm_pkcs113api7session19C_SetOperationState
FNDA:42,_RNvNtNtCsggOPaNFMSYu_13nethsm_pkcs113api7session13C_OpenSession
FNDA:0,_RNvNtNtCsggOPaNFMSYu_13nethsm_pkcs113api7session19C_GetFunctionStatus
FNDA:41,_RNvNtNtCsggOPaNFMSYu_13nethsm_pkcs113api7session14C_CloseSession
FNDA:0,_RNvNtNtCsggOPaNFMSYu_13nethsm_pkcs113api7session16C_CancelFunction
FNDA:0,_RNvNtNtCsggOPaNFMSYu_13nethsm_pkcs113api7session18C_CloseAllSessions
FNDA:4,_RNvNtNtCsggOPaNFMSYu_13nethsm_pkcs113api7session16C_GetSessionInfo
FNDA:1,_RNCNvNtNtNtCsjTLMFSz4sfV_13nethsm_pkcs113api7session5tests20test_cancel_function0B9_
FNDA:1,_RNCNvNtNtNtCsjTLMFSz4sfV_13nethsm_pkcs113api7session5tests24test_get_operation_state0B9_
FNDA:1,_RNCNvNtNtNtCsjTLMFSz4sfV_13nethsm_pkcs113api7session5tests24test_get_function_status0B9_
FNDA:1,_RNCNvNtNtNtCsjTLMFSz4sfV_13nethsm_pkcs113api7session5tests24test_set_operation_state0B9_
FNDA:1,_RNvNtNtNtCsjTLMFSz4sfV_13nethsm_pkcs113api7session5testss_24test_set_operation_state
FNDA:1,_RNvNtNtNtCsjTLMFSz4sfV_13nethsm_pkcs113api7session5testss_20test_cancel_function
FNDA:1,_RNvNtNtNtCsjTLMFSz4sfV_13nethsm_pkcs113api7session5testss_24test_get_operation_state
FNDA:1,_RNvNtNtNtCsjTLMFSz4sfV_13nethsm_pkcs113api7session5testss_24test_get_function_status
FNDA:1,_RNvNtNtCsjTLMFSz4sfV_13nethsm_pkcs113api7session19C_GetOperationState
FNDA:1,_RNvNtNtCsjTLMFSz4sfV_13nethsm_pkcs113api7session19C_SetOperationState
FNDA:0,_RNvNtNtCsjTLMFSz4sfV_13nethsm_pkcs113api7session13C_OpenSession
FNDA:1,_RNvNtNtCsjTLMFSz4sfV_13nethsm_pkcs113api7session19C_GetFunctionStatus
FNDA:0,_RNvNtNtCsjTLMFSz4sfV_13nethsm_pkcs113api7session14C_CloseSession
FNDA:1,_RNvNtNtCsjTLMFSz4sfV_13nethsm_pkcs113api7session16C_CancelFunction
FNDA:0,_RNvNtNtCsjTLMFSz4sfV_13nethsm_pkcs113api7session18C_CloseAllSessions
FNDA:0,_RNvNtNtCsjTLMFSz4sfV_13nethsm_pkcs113api7session16C_GetSessionInfo
FNF:16
FNH:15
DA:7,42
DA:8,42
DA:9,42
DA:10,42
DA:11,42
DA:12,42
DA:13,42
DA:14,42
DA:15,0
DA:20,42
DA:21,0
DA:22,42
DA:23,42
DA:24,42
DA:25,0
DA:26,42
DA:28,42
DA:29,42
DA:31,0
DA:32,0
DA:37,42
DA:38,42
DA:39,42
DA:40,42
DA:42,42
DA:43,42
DA:44,42
DA:45,42
DA:46,42
DA:47,42
DA:49,41
DA:50,41
DA:52,41
DA:53,41
DA:54,41
DA:55,41
DA:56,0
DA:57,0
DA:60,0
DA:61,41
DA:62,41
DA:63,41
DA:64,41
DA:66,0
DA:67,0
DA:69,0
DA:70,0
DA:71,0
DA:74,0
DA:75,0
DA:77,0
DA:79,0
DA:80,0
DA:81,0
DA:82,0
DA:84,4
DA:85,4
DA:86,4
DA:87,4
DA:88,4
DA:89,0
DA:93,4
DA:94,0
DA:95,4
DA:97,4
DA:99,4
DA:101,4
DA:102,4
DA:104,0
DA:105,0
DA:108,0
DA:112,4
DA:114,4
DA:115,4
DA:116,4
DA:117,4
DA:118,4
DA:119,4
DA:121,1
DA:122,1
DA:123,1
DA:124,1
DA:125,1
DA:126,1
DA:127,1
DA:128,1
DA:130,1
DA:131,1
DA:132,1
DA:133,1
DA:134,1
DA:135,1
DA:136,1
DA:137,1
DA:138,1
DA:139,1
DA:141,1
DA:142,1
DA:143,1
DA:144,1
DA:145,1
DA:146,1
DA:148,1
DA:149,1
DA:150,1
DA:151,1
DA:152,1
DA:153,1
DA:159,1
DA:160,1
DA:161,1
DA:162,1
DA:163,1
DA:165,1
DA:166,1
DA:167,1
DA:168,1
DA:169,1
DA:171,1
DA:172,1
DA:173,1
DA:174,1
DA:175,1
DA:177,1
DA:178,1
DA:179,1
DA:180,1
DA:181,1
BRF:0
BRH:0
LF:128
LH:103
end_of_record
SF:/home/sautax/git/nethsm-pkcs11/pkcs11/src/api/sign.rs
FN:199,_RNvNtNtCsggOPaNFMSYu_13nethsm_pkcs113api4sign13C_SignRecover
FN:9,_RNvNtNtCsggOPaNFMSYu_13nethsm_pkcs113api4sign10C_SignInit
FN:210,_RNvNtNtCsggOPaNFMSYu_13nethsm_pkcs113api4sign19C_SignEncryptUpdate
FN:42,_RNvNtNtCsggOPaNFMSYu_13nethsm_pkcs113api4sign6C_Sign
FN:108,_RNvNtNtCsggOPaNFMSYu_13nethsm_pkcs113api4sign12C_SignUpdate
FN:133,_RNvNtNtCsggOPaNFMSYu_13nethsm_pkcs113api4sign11C_SignFinal
FN:190,_RNvNtNtCsggOPaNFMSYu_13nethsm_pkcs113api4sign17C_SignRecoverInit
FN:133,_RNvNtNtCsjTLMFSz4sfV_13nethsm_pkcs113api4sign11C_SignFinal
FN:190,_RNvNtNtCsjTLMFSz4sfV_13nethsm_pkcs113api4sign17C_SignRecoverInit
FN:199,_RNvNtNtCsjTLMFSz4sfV_13nethsm_pkcs113api4sign13C_SignRecover
FN:9,_RNvNtNtCsjTLMFSz4sfV_13nethsm_pkcs113api4sign10C_SignInit
FN:210,_RNvNtNtCsjTLMFSz4sfV_13nethsm_pkcs113api4sign19C_SignEncryptUpdate
FN:42,_RNvNtNtCsjTLMFSz4sfV_13nethsm_pkcs113api4sign6C_Sign
FN:108,_RNvNtNtCsjTLMFSz4sfV_13nethsm_pkcs113api4sign12C_SignUpdate
FN:225,_RNCNvNtNtNtCsjTLMFSz4sfV_13nethsm_pkcs113api4sign5tests22test_sign_recover_init0B9_
FN:243,_RNCNvNtNtNtCsjTLMFSz4sfV_13nethsm_pkcs113api4sign5tests24test_sign_encrypt_update0B9_
FN:231,_RNCNvNtNtNtCsjTLMFSz4sfV_13nethsm_pkcs113api4sign5tests17test_sign_recover0B9_
FN:244,_RNvNtNtNtCsjTLMFSz4sfV_13nethsm_pkcs113api4sign5testss_24test_sign_encrypt_update
FN:226,_RNvNtNtNtCsjTLMFSz4sfV_13nethsm_pkcs113api4sign5testss_22test_sign_recover_init
FN:232,_RNvNtNtNtCsjTLMFSz4sfV_13nethsm_pkcs113api4sign5testss_17test_sign_recover
FNDA:0,_RNvNtNtCsggOPaNFMSYu_13nethsm_pkcs113api4sign13C_SignRecover
FNDA:25,_RNvNtNtCsggOPaNFMSYu_13nethsm_pkcs113api4sign10C_SignInit
FNDA:0,_RNvNtNtCsggOPaNFMSYu_13nethsm_pkcs113api4sign19C_SignEncryptUpdate
FNDA:21,_RNvNtNtCsggOPaNFMSYu_13nethsm_pkcs113api4sign6C_Sign
FNDA:3,_RNvNtNtCsggOPaNFMSYu_13nethsm_pkcs113api4sign12C_SignUpdate
FNDA:1,_RNvNtNtCsggOPaNFMSYu_13nethsm_pkcs113api4sign11C_SignFinal
FNDA:0,_RNvNtNtCsggOPaNFMSYu_13nethsm_pkcs113api4sign17C_SignRecoverInit
FNDA:0,_RNvNtNtCsjTLMFSz4sfV_13nethsm_pkcs113api4sign11C_SignFinal
FNDA:1,_RNvNtNtCsjTLMFSz4sfV_13nethsm_pkcs113api4sign17C_SignRecoverInit
FNDA:1,_RNvNtNtCsjTLMFSz4sfV_13nethsm_pkcs113api4sign13C_SignRecover
FNDA:0,_RNvNtNtCsjTLMFSz4sfV_13nethsm_pkcs113api4sign10C_SignInit
FNDA:1,_RNvNtNtCsjTLMFSz4sfV_13nethsm_pkcs113api4sign19C_SignEncryptUpdate
FNDA:0,_RNvNtNtCsjTLMFSz4sfV_13nethsm_pkcs113api4sign6C_Sign
FNDA:0,_RNvNtNtCsjTLMFSz4sfV_13nethsm_pkcs113api4sign12C_SignUpdate
FNDA:1,_RNCNvNtNtNtCsjTLMFSz4sfV_13nethsm_pkcs113api4sign5tests22test_sign_recover_init0B9_
FNDA:1,_RNCNvNtNtNtCsjTLMFSz4sfV_13nethsm_pkcs113api4sign5tests24test_sign_encrypt_update0B9_
FNDA:1,_RNCNvNtNtNtCsjTLMFSz4sfV_13nethsm_pkcs113api4sign5tests17test_sign_recover0B9_
FNDA:1,_RNvNtNtNtCsjTLMFSz4sfV_13nethsm_pkcs113api4sign5testss_24test_sign_encrypt_update
FNDA:1,_RNvNtNtNtCsjTLMFSz4sfV_13nethsm_pkcs113api4sign5testss_22test_sign_recover_init
FNDA:1,_RNvNtNtNtCsjTLMFSz4sfV_13nethsm_pkcs113api4sign5testss_17test_sign_recover
FNF:13
FNH:13
DA:9,25
DA:10,25
DA:11,25
DA:12,25
DA:13,25
DA:14,25
DA:15,0
DA:19,25
DA:20,0
DA:21,25
DA:22,25
DA:24,25
DA:26,25
DA:27,21
DA:28,4
DA:29,4
DA:30,4
DA:34,21
DA:36,21
DA:37,20
DA:38,1
DA:40,25
DA:42,21
DA:43,21
DA:44,21
DA:45,21
DA:46,21
DA:47,21
DA:48,21
DA:49,21
DA:51,21
DA:53,21
DA:54,21
DA:56,21
DA:57,0
DA:58,0
DA:59,0
DA:60,21
DA:61,21
DA:62,21
DA:63,21
DA:64,21
DA:65,21
DA:66,21
DA:67,21
DA:68,21
DA:69,21
DA:70,21
DA:71,21
DA:72,1
DA:74,1
DA:75,20
DA:76,20
DA:77,20
DA:78,1
DA:79,1
DA:80,19
DA:82,19
DA:83,19
DA:84,0
DA:85,0
DA:86,0
DA:89,19
DA:90,19
DA:91,19
DA:92,19
DA:93,19
DA:94,19
DA:95,19
DA:96,0
DA:97,19
DA:98,19
DA:99,19
DA:100,19
DA:101,19
DA:102,19
DA:103,19
DA:104,19
DA:105,19
DA:106,21
DA:108,3
DA:109,3
DA:110,3
DA:111,3
DA:112,3
DA:113,3
DA:115,3
DA:117,3
DA:118,0
DA:119,0
DA:120,3
DA:121,3
DA:122,3
DA:123,3
DA:124,3
DA:125,3
DA:126,0
DA:127,0
DA:128,0
DA:131,3
DA:133,1
DA:134,1
DA:135,1
DA:136,1
DA:137,1
DA:138,1
DA:140,1
DA:142,1
DA:143,0
DA:144,0
DA:145,1
DA:146,1
DA:147,1
DA:148,1
DA:149,1
DA:150,1
DA:151,1
DA:152,1
DA:153,1
DA:154,1
DA:155,1
DA:157,0
DA:158,1
DA:159,1
DA:160,1
DA:161,0
DA:162,1
DA:164,1
DA:165,1
DA:166,0
DA:167,0
DA:168,0
DA:172,1
DA:173,1
DA:174,1
DA:175,1
DA:176,1
DA:177,1
DA:178,1
DA:179,0
DA:180,1
DA:181,1
DA:182,1
DA:183,1
DA:184,1
DA:185,1
DA:186,1
DA:187,1
DA:188,1
DA:190,1
DA:191,1
DA:192,1
DA:193,1
DA:194,1
DA:195,1
DA:196,1
DA:197,1
DA:199,1
DA:200,1
DA:201,1
DA:202,1
DA:203,1
DA:204,1
DA:205,1
DA:206,1
DA:207,1
DA:208,1
DA:210,1
DA:211,1
DA:212,1
DA:213,1
DA:214,1
DA:215,1
DA:216,1
DA:217,1
DA:218,1
DA:219,1
DA:225,1
DA:226,1
DA:227,1
DA:228,1
DA:229,1
DA:231,1
DA:232,1
DA:233,1
DA:234,1
DA:235,1
DA:236,1
DA:237,1
DA:238,1
DA:239,1
DA:240,1
DA:241,1
DA:243,1
DA:244,1
DA:245,1
DA:246,1
DA:247,1
DA:248,1
DA:249,1
DA:250,1
DA:251,1
DA:252,1
DA:253,1
BRF:0
BRH:0
LF:204
LH:182
end_of_record
SF:/home/sautax/git/nethsm-pkcs11/pkcs11/src/api/token.rs
FN:66,_RNvNtNtCsggOPaNFMSYu_13nethsm_pkcs113api5token13C_GetSlotInfo
FN:335,_RNvNtNtCsggOPaNFMSYu_13nethsm_pkcs113api5token8C_Logout
FN:346,_RNvNtNtCsggOPaNFMSYu_13nethsm_pkcs113api5token18C_WaitForSlotEvent
FN:278,_RNvNtNtCsggOPaNFMSYu_13nethsm_pkcs113api5token18C_GetMechanismInfo
FN:20,_RNvNtNtCsggOPaNFMSYu_13nethsm_pkcs113api5token13C_GetSlotList
FN:307,_RNvNtNtCsggOPaNFMSYu_13nethsm_pkcs113api5token7C_Login
FN:221,_RNvNtNtCsggOPaNFMSYu_13nethsm_pkcs113api5token11C_InitToken
FN:138,_RNvNtNtCsggOPaNFMSYu_13nethsm_pkcs113api5token14C_GetTokenInfo
FN:232,_RNvNtNtCsggOPaNFMSYu_13nethsm_pkcs113api5token18C_GetMechanismList
FN:90,_RNCNCNvNtNtCsggOPaNFMSYu_13nethsm_pkcs113api5token13C_GetSlotInfo00B9_
FN:268,_RNCNvNtNtCsggOPaNFMSYu_13nethsm_pkcs113api5token18C_GetMechanismList0B7_
FN:158,_RNCNCNvNtNtCsggOPaNFMSYu_13nethsm_pkcs113api5token14C_GetTokenInfo00B9_
FN:180,_RNCNCNvNtNtCsggOPaNFMSYu_13nethsm_pkcs113api5token14C_GetTokenInfos_00B9_
FN:105,_RNCNCNvNtNtCsggOPaNFMSYu_13nethsm_pkcs113api5token13C_GetSlotInfos_00B9_
FN:55,_RNCNvNtNtCsggOPaNFMSYu_13nethsm_pkcs113api5token13C_GetSlotList0B7_
FN:295,_RNCNvNtNtCsggOPaNFMSYu_13nethsm_pkcs113api5token18C_GetMechanismInfo0B7_
FN:90,_RNCNCNvNtNtCsjTLMFSz4sfV_13nethsm_pkcs113api5token13C_GetSlotInfo00B9_
FN:105,_RNCNCNvNtNtCsjTLMFSz4sfV_13nethsm_pkcs113api5token13C_GetSlotInfos_00B9_
FN:55,_RNCNvNtNtCsjTLMFSz4sfV_13nethsm_pkcs113api5token13C_GetSlotList0B7_
FN:180,_RNCNCNvNtNtCsjTLMFSz4sfV_13nethsm_pkcs113api5token14C_GetTokenInfos_00B9_
FN:295,_RNCNvNtNtCsjTLMFSz4sfV_13nethsm_pkcs113api5token18C_GetMechanismInfo0B7_
FN:268,_RNCNvNtNtCsjTLMFSz4sfV_13nethsm_pkcs113api5token18C_GetMechanismList0B7_
FN:158,_RNCNCNvNtNtCsjTLMFSz4sfV_13nethsm_pkcs113api5token14C_GetTokenInfo00B9_
FN:360,_RNvNtNtNtCsjTLMFSz4sfV_13nethsm_pkcs113api5token5testss_15test_init_token
FN:366,_RNvNtNtNtCsjTLMFSz4sfV_13nethsm_pkcs113api5token5testss_24test_wait_for_slot_event
FN:359,_RNCNvNtNtNtCsjTLMFSz4sfV_13nethsm_pkcs113api5token5tests15test_init_token0B9_
FN:365,_RNCNvNtNtNtCsjTLMFSz4sfV_13nethsm_pkcs113api5token5tests24test_wait_for_slot_event0B9_
FN:278,_RNvNtNtCsjTLMFSz4sfV_13nethsm_pkcs113api5token18C_GetMechanismInfo
FN:346,_RNvNtNtCsjTLMFSz4sfV_13nethsm_pkcs113api5token18C_WaitForSlotEvent
FN:20,_RNvNtNtCsjTLMFSz4sfV_13nethsm_pkcs113api5token13C_GetSlotList
FN:221,_RNvNtNtCsjTLMFSz4sfV_13nethsm_pkcs113api5token11C_InitToken
FN:138,_RNvNtNtCsjTLMFSz4sfV_13nethsm_pkcs113api5token14C_GetTokenInfo
FN:66,_RNvNtNtCsjTLMFSz4sfV_13nethsm_pkcs113api5token13C_GetSlotInfo
FN:232,_RNvNtNtCsjTLMFSz4sfV_13nethsm_pkcs113api5token18C_GetMechanismList
FN:307,_RNvNtNtCsjTLMFSz4sfV_13nethsm_pkcs113api5token7C_Login
FN:335,_RNvNtNtCsjTLMFSz4sfV_13nethsm_pkcs113api5token8C_Logout
FNDA:42,_RNvNtNtCsggOPaNFMSYu_13nethsm_pkcs113api5token13C_GetSlotInfo
FNDA:0,_RNvNtNtCsggOPaNFMSYu_13nethsm_pkcs113api5token8C_Logout
FNDA:0,_RNvNtNtCsggOPaNFMSYu_13nethsm_pkcs113api5token18C_WaitForSlotEvent
FNDA:120,_RNvNtNtCsggOPaNFMSYu_13nethsm_pkcs113api5token18C_GetMechanismInfo
FNDA:76,_RNvNtNtCsggOPaNFMSYu_13nethsm_pkcs113api5token13C_GetSlotList
FNDA:12,_RNvNtNtCsggOPaNFMSYu_13nethsm_pkcs113api5token7C_Login
FNDA:0,_RNvNtNtCsggOPaNFMSYu_13nethsm_pkcs113api5token11C_InitToken
FNDA:41,_RNvNtNtCsggOPaNFMSYu_13nethsm_pkcs113api5token14C_GetTokenInfo
FNDA:20,_RNvNtNtCsggOPaNFMSYu_13nethsm_pkcs113api5token18C_GetMechanismList
FNDA:42,_RNCNCNvNtNtCsggOPaNFMSYu_13nethsm_pkcs113api5token13C_GetSlotInfo00B9_
FNDA:120,_RNCNvNtNtCsggOPaNFMSYu_13nethsm_pkcs113api5token18C_GetMechanismList0B7_
FNDA:41,_RNCNCNvNtNtCsggOPaNFMSYu_13nethsm_pkcs113api5token14C_GetTokenInfo00B9_
FNDA:41,_RNCNCNvNtNtCsggOPaNFMSYu_13nethsm_pkcs113api5token14C_GetTokenInfos_00B9_
FNDA:42,_RNCNCNvNtNtCsggOPaNFMSYu_13nethsm_pkcs113api5token13C_GetSlotInfos_00B9_
FNDA:42,_RNCNvNtNtCsggOPaNFMSYu_13nethsm_pkcs113api5token13C_GetSlotList0B7_
FNDA:780,_RNCNvNtNtCsggOPaNFMSYu_13nethsm_pkcs113api5token18C_GetMechanismInfo0B7_
FNDA:0,_RNCNCNvNtNtCsjTLMFSz4sfV_13nethsm_pkcs113api5token13C_GetSlotInfo00B9_
FNDA:0,_RNCNCNvNtNtCsjTLMFSz4sfV_13nethsm_pkcs113api5token13C_GetSlotInfos_00B9_
FNDA:0,_RNCNvNtNtCsjTLMFSz4sfV_13nethsm_pkcs113api5token13C_GetSlotList0B7_
FNDA:0,_RNCNCNvNtNtCsjTLMFSz4sfV_13nethsm_pkcs113api5token14C_GetTokenInfos_00B9_
FNDA:0,_RNCNvNtNtCsjTLMFSz4sfV_13nethsm_pkcs113api5token18C_GetMechanismInfo0B7_
FNDA:0,_RNCNvNtNtCsjTLMFSz4sfV_13nethsm_pkcs113api5token18C_GetMechanismList0B7_
FNDA:0,_RNCNCNvNtNtCsjTLMFSz4sfV_13nethsm_pkcs113api5token14C_GetTokenInfo00B9_
FNDA:1,_RNvNtNtNtCsjTLMFSz4sfV_13nethsm_pkcs113api5token5testss_15test_init_token
FNDA:1,_RNvNtNtNtCsjTLMFSz4sfV_13nethsm_pkcs113api5token5testss_24test_wait_for_slot_event
FNDA:1,_RNCNvNtNtNtCsjTLMFSz4sfV_13nethsm_pkcs113api5token5tests15test_init_token0B9_
FNDA:1,_RNCNvNtNtNtCsjTLMFSz4sfV_13nethsm_pkcs113api5token5tests24test_wait_for_slot_event0B9_
FNDA:0,_RNvNtNtCsjTLMFSz4sfV_13nethsm_pkcs113api5token18C_GetMechanismInfo
FNDA:1,_RNvNtNtCsjTLMFSz4sfV_13nethsm_pkcs113api5token18C_WaitForSlotEvent
FNDA:0,_RNvNtNtCsjTLMFSz4sfV_13nethsm_pkcs113api5token13C_GetSlotList
FNDA:1,_RNvNtNtCsjTLMFSz4sfV_13nethsm_pkcs113api5token11C_InitToken
FNDA:0,_RNvNtNtCsjTLMFSz4sfV_13nethsm_pkcs113api5token14C_GetTokenInfo
FNDA:0,_RNvNtNtCsjTLMFSz4sfV_13nethsm_pkcs113api5token13C_GetSlotInfo
FNDA:0,_RNvNtNtCsjTLMFSz4sfV_13nethsm_pkcs113api5token18C_GetMechanismList
FNDA:0,_RNvNtNtCsjTLMFSz4sfV_13nethsm_pkcs113api5token7C_Login
FNDA:0,_RNvNtNtCsjTLMFSz4sfV_13nethsm_pkcs113api5token8C_Logout
FNF:20
FNH:19
DA:20,76
DA:21,76
DA:22,76
DA:23,76
DA:24,76
DA:25,76
DA:27,76
DA:28,0
DA:29,76
DA:30,76
DA:31,76
DA:32,76
DA:33,76
DA:34,76
DA:35,34
DA:36,34
DA:37,34
DA:38,34
DA:41,42
DA:42,0
DA:43,0
DA:44,0
DA:45,0
DA:46,42
DA:47,42
DA:48,42
DA:49,42
DA:50,42
DA:51,42
DA:52,42
DA:53,42
DA:54,42
DA:55,42
DA:56,42
DA:57,42
DA:58,42
DA:59,42
DA:60,42
DA:61,42
DA:62,42
DA:63,42
DA:64,76
DA:66,42
DA:67,42
DA:68,42
DA:69,42
DA:70,42
DA:74,42
DA:75,42
DA:76,0
DA:77,0
DA:81,42
DA:82,0
DA:83,42
DA:84,42
DA:85,42
DA:86,42
DA:87,42
DA:88,42
DA:89,42
DA:90,209
DA:91,42
DA:92,42
DA:96,42
DA:97,42
DA:98,0
DA:99,0
DA:100,0
DA:104,42
DA:105,70
DA:106,42
DA:107,42
DA:111,42
DA:112,42
DA:113,0
DA:114,0
DA:115,0
DA:119,42
DA:120,42
DA:121,42
DA:123,42
DA:124,42
DA:125,42
DA:126,42
DA:127,42
DA:128,42
DA:129,42
DA:130,42
DA:131,42
DA:132,42
DA:133,42
DA:134,42
DA:135,42
DA:136,42
DA:138,41
DA:139,41
DA:140,41
DA:141,41
DA:142,41
DA:144,41
DA:145,41
DA:146,0
DA:147,0
DA:151,41
DA:152,0
DA:153,41
DA:154,41
DA:155,41
DA:156,41
DA:157,41
DA:158,79
DA:159,41
DA:160,41
DA:164,41
DA:165,41
DA:166,0
DA:167,0
DA:168,0
DA:172,41
DA:173,41
DA:174,41
DA:175,41
DA:176,41
DA:177,41
DA:178,41
DA:179,41
DA:180,71
DA:181,41
DA:182,41
DA:183,0
DA:184,0
DA:186,41
DA:187,41
DA:188,41
DA:190,41
DA:193,0
DA:195,41
DA:196,41
DA:197,41
DA:198,41
DA:199,0
DA:200,0
DA:201,41
DA:203,41
DA:204,41
DA:205,41
DA:206,41
DA:207,41
DA:208,41
DA:209,41
DA:210,41
DA:211,41
DA:212,41
DA:213,41
DA:214,41
DA:215,41
DA:216,41
DA:217,41
DA:218,41
DA:219,41
DA:221,1
DA:222,1
DA:223,1
DA:224,1
DA:225,1
DA:226,1
DA:227,1
DA:229,1
DA:230,1
DA:232,20
DA:233,20
DA:234,20
DA:235,20
DA:236,20
DA:237,20
DA:239,20
DA:240,0
DA:241,20
DA:242,20
DA:243,20
DA:244,20
DA:245,20
DA:246,20
DA:247,10
DA:248,10
DA:249,10
DA:250,10
DA:251,10
DA:252,10
DA:253,10
DA:254,10
DA:255,10
DA:256,10
DA:257,10
DA:258,10
DA:259,10
DA:260,10
DA:261,0
DA:262,10
DA:263,10
DA:264,10
DA:265,10
DA:266,10
DA:267,10
DA:268,120
DA:269,10
DA:270,10
DA:271,10
DA:272,10
DA:273,10
DA:274,10
DA:275,10
DA:276,20
DA:278,120
DA:279,120
DA:280,120
DA:281,120
DA:282,120
DA:283,120
DA:285,120
DA:286,0
DA:287,120
DA:288,120
DA:289,120
DA:290,0
DA:291,120
DA:295,780
DA:296,120
DA:297,0
DA:300,120
DA:301,120
DA:302,120
DA:303,120
DA:304,120
DA:305,120
DA:307,12
DA:308,12
DA:309,12
DA:310,12
DA:311,12
DA:312,12
DA:313,12
DA:315,12
DA:316,0
DA:317,12
DA:318,12
DA:319,12
DA:323,12
DA:324,12
DA:325,0
DA:328,12
DA:330,12
DA:331,12
DA:332,0
DA:334,12
DA:335,0
DA:336,0
DA:338,0
DA:340,0
DA:341,0
DA:342,0
DA:344,0
DA:346,1
DA:347,1
DA:348,1
DA:349,1
DA:350,1
DA:351,1
DA:352,1
DA:353,1
DA:359,1
DA:360,1
DA:361,1
DA:362,1
DA:363,1
DA:365,1
DA:366,1
DA:367,1
DA:368,1
DA:369,1
BRF:0
BRH:0
LF:287
LH:247
end_of_record
SF:/home/sautax/git/nethsm-pkcs11/pkcs11/src/api/verify.rs
FN:48,_RNvNtNtCsggOPaNFMSYu_13nethsm_pkcs113api6verify13C_VerifyFinal
FN:62,_RNvNtNtCsggOPaNFMSYu_13nethsm_pkcs113api6verify19C_VerifyRecoverInit
FN:7,_RNvNtNtCsggOPaNFMSYu_13nethsm_pkcs113api6verify12C_VerifyInit
FN:71,_RNvNtNtCsggOPaNFMSYu_13nethsm_pkcs113api6verify15C_VerifyRecover
FN:20,_RNvNtNtCsggOPaNFMSYu_13nethsm_pkcs113api6verify8C_Verify
FN:35,_RNvNtNtCsggOPaNFMSYu_13nethsm_pkcs113api6verify14C_VerifyUpdate
FN:138,_RNvNtNtNtCsjTLMFSz4sfV_13nethsm_pkcs113api6verify5testss_19test_verify_recover
FN:132,_RNvNtNtNtCsjTLMFSz4sfV_13nethsm_pkcs113api6verify5testss_24test_verify_recover_init
FN:104,_RNvNtNtNtCsjTLMFSz4sfV_13nethsm_pkcs113api6verify5testss_11test_verify
FN:118,_RNvNtNtNtCsjTLMFSz4sfV_13nethsm_pkcs113api6verify5testss_18test_verify_update
FN:125,_RNvNtNtNtCsjTLMFSz4sfV_13nethsm_pkcs113api6verify5testss_17test_verify_final
FN:90,_RNvNtNtNtCsjTLMFSz4sfV_13nethsm_pkcs113api6verify5testss_16test_verify_init
FN:35,_RNvNtNtCsjTLMFSz4sfV_13nethsm_pkcs113api6verify14C_VerifyUpdate
FN:62,_RNvNtNtCsjTLMFSz4sfV_13nethsm_pkcs113api6verify19C_VerifyRecoverInit
FN:71,_RNvNtNtCsjTLMFSz4sfV_13nethsm_pkcs113api6verify15C_VerifyRecover
FN:7,_RNvNtNtCsjTLMFSz4sfV_13nethsm_pkcs113api6verify12C_VerifyInit
FN:20,_RNvNtNtCsjTLMFSz4sfV_13nethsm_pkcs113api6verify8C_Verify
FN:48,_RNvNtNtCsjTLMFSz4sfV_13nethsm_pkcs113api6verify13C_VerifyFinal
FN:131,_RNCNvNtNtNtCsjTLMFSz4sfV_13nethsm_pkcs113api6verify5tests24test_verify_recover_init0B9_
FN:103,_RNCNvNtNtNtCsjTLMFSz4sfV_13nethsm_pkcs113api6verify5tests11test_verify0B9_
FN:117,_RNCNvNtNtNtCsjTLMFSz4sfV_13nethsm_pkcs113api6verify5tests18test_verify_update0B9_
FN:124,_RNCNvNtNtNtCsjTLMFSz4sfV_13nethsm_pkcs113api6verify5tests17test_verify_final0B9_
FN:89,_RNCNvNtNtNtCsjTLMFSz4sfV_13nethsm_pkcs113api6verify5tests16test_verify_init0B9_
FN:137,_RNCNvNtNtNtCsjTLMFSz4sfV_13nethsm_pkcs113api6verify5tests19test_verify_recover0B9_
FNDA:0,_RNvNtNtCsggOPaNFMSYu_13nethsm_pkcs113api6verify13C_VerifyFinal
FNDA:0,_RNvNtNtCsggOPaNFMSYu_13nethsm_pkcs113api6verify19C_VerifyRecoverInit
FNDA:0,_RNvNtNtCsggOPaNFMSYu_13nethsm_pkcs113api6verify12C_VerifyInit
FNDA:0,_RNvNtNtCsggOPaNFMSYu_13nethsm_pkcs113api6verify15C_VerifyRecover
FNDA:0,_RNvNtNtCsggOPaNFMSYu_13nethsm_pkcs113api6verify8C_Verify
FNDA:0,_RNvNtNtCsggOPaNFMSYu_13nethsm_pkcs113api6verify14C_VerifyUpdate
FNDA:1,_RNvNtNtNtCsjTLMFSz4sfV_13nethsm_pkcs113api6verify5testss_19test_verify_recover
FNDA:1,_RNvNtNtNtCsjTLMFSz4sfV_13nethsm_pkcs113api6verify5testss_24test_verify_recover_init
FNDA:1,_RNvNtNtNtCsjTLMFSz4sfV_13nethsm_pkcs113api6verify5testss_11test_verify
FNDA:1,_RNvNtNtNtCsjTLMFSz4sfV_13nethsm_pkcs113api6verify5testss_18test_verify_update
FNDA:1,_RNvNtNtNtCsjTLMFSz4sfV_13nethsm_pkcs113api6verify5testss_17test_verify_final
FNDA:1,_RNvNtNtNtCsjTLMFSz4sfV_13nethsm_pkcs113api6verify5testss_16test_verify_init
FNDA:1,_RNvNtNtCsjTLMFSz4sfV_13nethsm_pkcs113api6verify14C_VerifyUpdate
FNDA:1,_RNvNtNtCsjTLMFSz4sfV_13nethsm_pkcs113api6verify19C_VerifyRecoverInit
FNDA:1,_RNvNtNtCsjTLMFSz4sfV_13nethsm_pkcs113api6verify15C_VerifyRecover
FNDA:2,_RNvNtNtCsjTLMFSz4sfV_13nethsm_pkcs113api6verify12C_VerifyInit
FNDA:1,_RNvNtNtCsjTLMFSz4sfV_13nethsm_pkcs113api6verify8C_Verify
FNDA:1,_RNvNtNtCsjTLMFSz4sfV_13nethsm_pkcs113api6verify13C_VerifyFinal
FNDA:1,_RNCNvNtNtNtCsjTLMFSz4sfV_13nethsm_pkcs113api6verify5tests24test_verify_recover_init0B9_
FNDA:1,_RNCNvNtNtNtCsjTLMFSz4sfV_13nethsm_pkcs113api6verify5tests11test_verify0B9_
FNDA:1,_RNCNvNtNtNtCsjTLMFSz4sfV_13nethsm_pkcs113api6verify5tests18test_verify_update0B9_
FNDA:1,_RNCNvNtNtNtCsjTLMFSz4sfV_13nethsm_pkcs113api6verify5tests17test_verify_final0B9_
FNDA:1,_RNCNvNtNtNtCsjTLMFSz4sfV_13nethsm_pkcs113api6verify5tests16test_verify_init0B9_
FNDA:1,_RNCNvNtNtNtCsjTLMFSz4sfV_13nethsm_pkcs113api6verify5tests19test_verify_recover0B9_
FNF:18
FNH:18
DA:7,2
DA:8,2
DA:9,2
DA:10,2
DA:11,2
DA:12,2
DA:13,2
DA:14,1
DA:15,1
DA:16,1
DA:17,1
DA:18,2
DA:20,1
DA:21,1
DA:22,1
DA:23,1
DA:24,1
DA:25,1
DA:26,1
DA:27,1
DA:28,1
DA:29,0
DA:30,1
DA:31,1
DA:32,1
DA:33,1
DA:35,1
DA:36,1
DA:37,1
DA:38,1
DA:39,1
DA:40,1
DA:41,1
DA:42,0
DA:43,1
DA:44,1
DA:45,1
DA:46,1
DA:48,1
DA:49,1
DA:50,1
DA:51,1
DA:52,1
DA:53,1
DA:55,1
DA:56,0
DA:57,1
DA:58,1
DA:59,1
DA:60,1
DA:62,1
DA:63,1
DA:64,1
DA:65,1
DA:66,1
DA:67,1
DA:68,1
DA:69,1
DA:71,1
DA:72,1
DA:73,1
DA:74,1
DA:75,1
DA:76,1
DA:77,1
DA:78,1
DA:79,1
DA:80,1
DA:89,1
DA:90,1
DA:91,1
DA:92,1
DA:94,1
DA:95,1
DA:96,1
DA:97,1
DA:98,1
DA:99,1
DA:100,1
DA:101,1
DA:103,1
DA:104,1
DA:105,1
DA:106,1
DA:107,1
DA:108,1
DA:109,1
DA:110,1
DA:111,1
DA:112,1
DA:113,1
DA:114,1
DA:115,1
DA:117,1
DA:118,1
DA:119,1
DA:120,1
DA:121,1
DA:122,1
DA:124,1
DA:125,1
DA:126,1
DA:127,1
DA:128,1
DA:129,1
DA:131,1
DA:132,1
DA:133,1
DA:134,1
DA:135,1
DA:137,1
DA:138,1
DA:139,1
DA:140,1
DA:141,1
DA:142,1
DA:143,1
DA:144,1
DA:145,1
DA:146,1
DA:147,1
DA:148,1
DA:149,1
DA:150,1
BRF:0
BRH:0
LF:124
LH:121
end_of_record
SF:/home/sautax/git/nethsm-pkcs11/pkcs11/src/backend/db/attr.rs
FN:36,_RINvMNtNtNtCsggOPaNFMSYu_13nethsm_pkcs117backend2db4attrNtB3_9CkRawAttr10read_valueyEB9_
FN:44,_RNvMNtNtNtCsggOPaNFMSYu_13nethsm_pkcs117backend2db4attrNtB2_9CkRawAttr3len
FN:15,_RNvMNtNtNtCsggOPaNFMSYu_13nethsm_pkcs117backend2db4attrNtB2_9CkRawAttr22from_raw_ptr_unchecked
FN:48,_RNvMNtNtNtCsggOPaNFMSYu_13nethsm_pkcs117backend2db4attrNtB2_9CkRawAttr7set_len
FN:19,_RNvMNtNtNtCsggOPaNFMSYu_13nethsm_pkcs117backend2db4attrNtB2_9CkRawAttr5type_
FN:54,_RNvMNtNtNtCsggOPaNFMSYu_13nethsm_pkcs117backend2db4attrNtB2_9CkRawAttr13set_val_bytes
FN:23,_RNvMNtNtNtCsggOPaNFMSYu_13nethsm_pkcs117backend2db4attrNtB2_9CkRawAttr9val_bytes
FN:89,_RNvMs_NtNtNtCsggOPaNFMSYu_13nethsm_pkcs117backend2db4attrNtB4_17CkRawAttrTemplate3len
FN:93,_RNvMs_NtNtNtCsggOPaNFMSYu_13nethsm_pkcs117backend2db4attrNtB4_17CkRawAttrTemplate4iter
FN:75,_RNvMs_NtNtNtCsggOPaNFMSYu_13nethsm_pkcs117backend2db4attrNtB4_17CkRawAttrTemplate22from_raw_ptr_unchecked
FN:108,_RNvXs0_NtNtNtCsggOPaNFMSYu_13nethsm_pkcs117backend2db4attrNtB5_21CkRawAttrTemplateIterNtNtNtNtCskl7yHyHAUN_4core4iter6traits8iterator8Iterator4next
FN:82,_RNvMs_NtNtNtCsggOPaNFMSYu_13nethsm_pkcs117backend2db4attrNtB4_17CkRawAttrTemplate12attr_wrapper
FN:68,_RNvXs1_NtNtNtCsggOPaNFMSYu_13nethsm_pkcs117backend2db4attrNtB5_17CkRawAttrTemplateNtNtCskl7yHyHAUN_4core3fmt5Debug3fmt
FN:19,_RNvMNtNtNtCsjTLMFSz4sfV_13nethsm_pkcs117backend2db4attrNtB2_9CkRawAttr5type_
FN:54,_RNvMNtNtNtCsjTLMFSz4sfV_13nethsm_pkcs117backend2db4attrNtB2_9CkRawAttr13set_val_bytes
FN:23,_RNvMNtNtNtCsjTLMFSz4sfV_13nethsm_pkcs117backend2db4attrNtB2_9CkRawAttr9val_bytes
FN:93,_RNvMs_NtNtNtCsjTLMFSz4sfV_13nethsm_pkcs117backend2db4attrNtB4_17CkRawAttrTemplate4iter
FN:75,_RNvMs_NtNtNtCsjTLMFSz4sfV_13nethsm_pkcs117backend2db4attrNtB4_17CkRawAttrTemplate22from_raw_ptr_unchecked
FN:108,_RNvXs0_NtNtNtCsjTLMFSz4sfV_13nethsm_pkcs117backend2db4attrNtB5_21CkRawAttrTemplateIterNtNtNtNtCskl7yHyHAUN_4core4iter6traits8iterator8Iterator4next
FN:82,_RNvMs_NtNtNtCsjTLMFSz4sfV_13nethsm_pkcs117backend2db4attrNtB4_17CkRawAttrTemplate12attr_wrapper
FN:44,_RNvMNtNtNtCsjTLMFSz4sfV_13nethsm_pkcs117backend2db4attrNtB2_9CkRawAttr3len
FN:15,_RNvMNtNtNtCsjTLMFSz4sfV_13nethsm_pkcs117backend2db4attrNtB2_9CkRawAttr22from_raw_ptr_unchecked
FN:48,_RNvMNtNtNtCsjTLMFSz4sfV_13nethsm_pkcs117backend2db4attrNtB2_9CkRawAttr7set_len
FN:89,_RNvMs_NtNtNtCsjTLMFSz4sfV_13nethsm_pkcs117backend2db4attrNtB4_17CkRawAttrTemplate3len
FN:68,_RNvXs1_NtNtNtCsjTLMFSz4sfV_13nethsm_pkcs117backend2db4attrNtB5_17CkRawAttrTemplateNtNtCskl7yHyHAUN_4core3fmt5Debug3fmt
FN:36,_RINvMNtNtNtCsjTLMFSz4sfV_13nethsm_pkcs117backend2db4attrNtB3_9CkRawAttr10read_valueyEB9_
FNDA:110,_RINvMNtNtNtCsggOPaNFMSYu_13nethsm_pkcs117backend2db4attrNtB3_9CkRawAttr10read_valueyEB9_
FNDA:92,_RNvMNtNtNtCsggOPaNFMSYu_13nethsm_pkcs117backend2db4attrNtB2_9CkRawAttr3len
FNDA:809,_RNvMNtNtNtCsggOPaNFMSYu_13nethsm_pkcs117backend2db4attrNtB2_9CkRawAttr22from_raw_ptr_unchecked
FNDA:498,_RNvMNtNtNtCsggOPaNFMSYu_13nethsm_pkcs117backend2db4attrNtB2_9CkRawAttr7set_len
FNDA:1014,_RNvMNtNtNtCsggOPaNFMSYu_13nethsm_pkcs117backend2db4attrNtB2_9CkRawAttr5type_
FNDA:472,_RNvMNtNtNtCsggOPaNFMSYu_13nethsm_pkcs117backend2db4attrNtB2_9CkRawAttr13set_val_bytes
FNDA:92,_RNvMNtNtNtCsggOPaNFMSYu_13nethsm_pkcs117backend2db4attrNtB2_9CkRawAttr9val_bytes
FNDA:1407,_RNvMs_NtNtNtCsggOPaNFMSYu_13nethsm_pkcs117backend2db4attrNtB4_17CkRawAttrTemplate3len
FNDA:598,_RNvMs_NtNtNtCsggOPaNFMSYu_13nethsm_pkcs117backend2db4attrNtB4_17CkRawAttrTemplate4iter
FNDA:592,_RNvMs_NtNtNtCsggOPaNFMSYu_13nethsm_pkcs117backend2db4attrNtB4_17CkRawAttrTemplate22from_raw_ptr_unchecked
FNDA:1407,_RNvXs0_NtNtNtCsggOPaNFMSYu_13nethsm_pkcs117backend2db4attrNtB5_21CkRawAttrTemplateIterNtNtNtNtCskl7yHyHAUN_4core4iter6traits8iterator8Iterator4next
FNDA:809,_RNvMs_NtNtNtCsggOPaNFMSYu_13nethsm_pkcs117backend2db4attrNtB4_17CkRawAttrTemplate12attr_wrapper
FNDA:0,_RNvXs1_NtNtNtCsggOPaNFMSYu_13nethsm_pkcs117backend2db4attrNtB5_17CkRawAttrTemplateNtNtCskl7yHyHAUN_4core3fmt5Debug3fmt
FNDA:0,_RNvMNtNtNtCsjTLMFSz4sfV_13nethsm_pkcs117backend2db4attrNtB2_9CkRawAttr5type_
FNDA:0,_RNvMNtNtNtCsjTLMFSz4sfV_13nethsm_pkcs117backend2db4attrNtB2_9CkRawAttr13set_val_bytes
FNDA:0,_RNvMNtNtNtCsjTLMFSz4sfV_13nethsm_pkcs117backend2db4attrNtB2_9CkRawAttr9val_bytes
FNDA:0,_RNvMs_NtNtNtCsjTLMFSz4sfV_13nethsm_pkcs117backend2db4attrNtB4_17CkRawAttrTemplate4iter
FNDA:0,_RNvMs_NtNtNtCsjTLMFSz4sfV_13nethsm_pkcs117backend2db4attrNtB4_17CkRawAttrTemplate22from_raw_ptr_unchecked
FNDA:0,_RNvXs0_NtNtNtCsjTLMFSz4sfV_13nethsm_pkcs117backend2db4attrNtB5_21CkRawAttrTemplateIterNtNtNtNtCskl7yHyHAUN_4core4iter6traits8iterator8Iterator4next
FNDA:0,_RNvMs_NtNtNtCsjTLMFSz4sfV_13nethsm_pkcs117backend2db4attrNtB4_17CkRawAttrTemplate12attr_wrapper
FNDA:0,_RNvMNtNtNtCsjTLMFSz4sfV_13nethsm_pkcs117backend2db4attrNtB2_9CkRawAttr3len
FNDA:0,_RNvMNtNtNtCsjTLMFSz4sfV_13nethsm_pkcs117backend2db4attrNtB2_9CkRawAttr22from_raw_ptr_unchecked
FNDA:0,_RNvMNtNtNtCsjTLMFSz4sfV_13nethsm_pkcs117backend2db4attrNtB2_9CkRawAttr7set_len
FNDA:0,_RNvMs_NtNtNtCsjTLMFSz4sfV_13nethsm_pkcs117backend2db4attrNtB4_17CkRawAttrTemplate3len
FNDA:0,_RNvXs1_NtNtNtCsjTLMFSz4sfV_13nethsm_pkcs117backend2db4attrNtB5_17CkRawAttrTemplateNtNtCskl7yHyHAUN_4core3fmt5Debug3fmt
FNDA:0,_RINvMNtNtNtCsjTLMFSz4sfV_13nethsm_pkcs117backend2db4attrNtB3_9CkRawAttr10read_valueyEB9_
FNF:13
FNH:12
DA:15,809
DA:16,809
DA:17,809
DA:19,1014
DA:20,1014
DA:21,1014
DA:23,92
DA:24,92
DA:25,92
DA:26,0
DA:27,92
DA:28,92
DA:29,92
DA:30,92
DA:31,92
DA:32,92
DA:34,92
DA:36,110
DA:37,110
DA:38,110
DA:39,0
DA:40,110
DA:41,110
DA:42,110
DA:44,92
DA:45,92
DA:46,92
DA:48,498
DA:49,498
DA:50,498
DA:51,498
DA:52,498
DA:54,472
DA:55,472
DA:56,472
DA:57,116
DA:58,356
DA:59,356
DA:60,0
DA:61,356
DA:62,356
DA:63,356
DA:64,356
DA:65,472
DA:68,0
DA:75,592
DA:76,592
DA:77,592
DA:78,592
DA:79,592
DA:80,592
DA:82,809
DA:83,809
DA:84,0
DA:85,809
DA:86,809
DA:87,809
DA:89,1407
DA:90,1407
DA:91,1407
DA:93,598
DA:94,598
DA:95,598
DA:96,598
DA:97,598
DA:98,598
DA:108,1407
DA:109,1407
DA:110,809
DA:111,809
DA:112,809
DA:114,598
DA:116,1407
BRF:0
BRH:0
LF:73
LH:68
end_of_record
SF:/home/sautax/git/nethsm-pkcs11/pkcs11/src/backend/db/mod.rs
FN:84,_RNvMNtNtCsggOPaNFMSYu_13nethsm_pkcs117backend2dbNtB2_2Db6object
FN:61,_RNvMNtNtCsggOPaNFMSYu_13nethsm_pkcs117backend2dbNtB2_2Db10add_object
FN:88,_RNvMNtNtCsggOPaNFMSYu_13nethsm_pkcs117backend2dbNtB2_2Db6remove
FN:40,_RNvMNtNtCsggOPaNFMSYu_13nethsm_pkcs117backend2dbNtB2_2Db20set_fetched_all_keys
FN:54,_RNvMNtNtCsggOPaNFMSYu_13nethsm_pkcs117backend2dbNtB2_2Db9enumerate
FN:29,_RNvMNtNtCsggOPaNFMSYu_13nethsm_pkcs117backend2dbNtB2_2Db16fetched_all_keys
FN:21,_RNvMNtNtCsggOPaNFMSYu_13nethsm_pkcs117backend2dbNtB2_2Db3new
FN:31,_RNCNvMNtNtCsggOPaNFMSYu_13nethsm_pkcs117backend2dbNtB4_2Db16fetched_all_keys0B8_
FN:34,_RNCNCNvMNtNtCsggOPaNFMSYu_13nethsm_pkcs117backend2dbNtB6_2Db16fetched_all_keys00Ba_
FN:67,_RNCNvMNtNtCsggOPaNFMSYu_13nethsm_pkcs117backend2dbNtB4_2Db10add_object0B8_
FN:58,_RNCNvMNtNtCsggOPaNFMSYu_13nethsm_pkcs117backend2dbNtB4_2Db9enumerate0B8_
FN:49,_RNvMNtNtCsggOPaNFMSYu_13nethsm_pkcs117backend2dbNtB2_2Db5clear
FN:13,_RNvXs_NtNtCsggOPaNFMSYu_13nethsm_pkcs117backend2dbNtB4_2DbNtNtCskl7yHyHAUN_4core3fmt5Debug3fmt
FN:13,_RNvXs_NtNtCsjTLMFSz4sfV_13nethsm_pkcs117backend2dbNtB4_2DbNtNtCskl7yHyHAUN_4core3fmt5Debug3fmt
FN:49,_RNvMNtNtCsjTLMFSz4sfV_13nethsm_pkcs117backend2dbNtB2_2Db5clear
FN:31,_RNCNvMNtNtCsjTLMFSz4sfV_13nethsm_pkcs117backend2dbNtB4_2Db16fetched_all_keys0B8_
FN:67,_RNCNvMNtNtCsjTLMFSz4sfV_13nethsm_pkcs117backend2dbNtB4_2Db10add_object0B8_
FN:58,_RNCNvMNtNtCsjTLMFSz4sfV_13nethsm_pkcs117backend2dbNtB4_2Db9enumerate0B8_
FN:34,_RNCNCNvMNtNtCsjTLMFSz4sfV_13nethsm_pkcs117backend2dbNtB6_2Db16fetched_all_keys00Ba_
FN:40,_RNvMNtNtCsjTLMFSz4sfV_13nethsm_pkcs117backend2dbNtB2_2Db20set_fetched_all_keys
FN:84,_RNvMNtNtCsjTLMFSz4sfV_13nethsm_pkcs117backend2dbNtB2_2Db6object
FN:21,_RNvMNtNtCsjTLMFSz4sfV_13nethsm_pkcs117backend2dbNtB2_2Db3new
FN:54,_RNvMNtNtCsjTLMFSz4sfV_13nethsm_pkcs117backend2dbNtB2_2Db9enumerate
FN:29,_RNvMNtNtCsjTLMFSz4sfV_13nethsm_pkcs117backend2dbNtB2_2Db16fetched_all_keys
FN:61,_RNvMNtNtCsjTLMFSz4sfV_13nethsm_pkcs117backend2dbNtB2_2Db10add_object
FN:88,_RNvMNtNtCsjTLMFSz4sfV_13nethsm_pkcs117backend2dbNtB2_2Db6remove
FNDA:532,_RNvMNtNtCsggOPaNFMSYu_13nethsm_pkcs117backend2dbNtB2_2Db6object
FNDA:93,_RNvMNtNtCsggOPaNFMSYu_13nethsm_pkcs117backend2dbNtB2_2Db10add_object
FNDA:1,_RNvMNtNtCsggOPaNFMSYu_13nethsm_pkcs117backend2dbNtB2_2Db6remove
FNDA:1,_RNvMNtNtCsggOPaNFMSYu_13nethsm_pkcs117backend2dbNtB2_2Db20set_fetched_all_keys
FNDA:77,_RNvMNtNtCsggOPaNFMSYu_13nethsm_pkcs117backend2dbNtB2_2Db9enumerate
FNDA:30,_RNvMNtNtCsggOPaNFMSYu_13nethsm_pkcs117backend2dbNtB2_2Db16fetched_all_keys
FNDA:36,_RNvMNtNtCsggOPaNFMSYu_13nethsm_pkcs117backend2dbNtB2_2Db3new
FNDA:29,_RNCNvMNtNtCsggOPaNFMSYu_13nethsm_pkcs117backend2dbNtB4_2Db16fetched_all_keys0B8_
FNDA:29,_RNCNCNvMNtNtCsggOPaNFMSYu_13nethsm_pkcs117backend2dbNtB6_2Db16fetched_all_keys00Ba_
FNDA:556,_RNCNvMNtNtCsggOPaNFMSYu_13nethsm_pkcs117backend2dbNtB4_2Db10add_object0B8_
FNDA:1816,_RNCNvMNtNtCsggOPaNFMSYu_13nethsm_pkcs117backend2dbNtB4_2Db9enumerate0B8_
FNDA:0,_RNvMNtNtCsggOPaNFMSYu_13nethsm_pkcs117backend2dbNtB2_2Db5clear
FNDA:0,_RNvXs_NtNtCsggOPaNFMSYu_13nethsm_pkcs117backend2dbNtB4_2DbNtNtCskl7yHyHAUN_4core3fmt5Debug3fmt
FNDA:0,_RNvXs_NtNtCsjTLMFSz4sfV_13nethsm_pkcs117backend2dbNtB4_2DbNtNtCskl7yHyHAUN_4core3fmt5Debug3fmt
FNDA:0,_RNvMNtNtCsjTLMFSz4sfV_13nethsm_pkcs117backend2dbNtB2_2Db5clear
FNDA:0,_RNCNvMNtNtCsjTLMFSz4sfV_13nethsm_pkcs117backend2dbNtB4_2Db16fetched_all_keys0B8_
FNDA:0,_RNCNvMNtNtCsjTLMFSz4sfV_13nethsm_pkcs117backend2dbNtB4_2Db10add_object0B8_
FNDA:0,_RNCNvMNtNtCsjTLMFSz4sfV_13nethsm_pkcs117backend2dbNtB4_2Db9enumerate0B8_
FNDA:0,_RNCNCNvMNtNtCsjTLMFSz4sfV_13nethsm_pkcs117backend2dbNtB6_2Db16fetched_all_keys00Ba_
FNDA:0,_RNvMNtNtCsjTLMFSz4sfV_13nethsm_pkcs117backend2dbNtB2_2Db20set_fetched_all_keys
FNDA:0,_RNvMNtNtCsjTLMFSz4sfV_13nethsm_pkcs117backend2dbNtB2_2Db6object
FNDA:0,_RNvMNtNtCsjTLMFSz4sfV_13nethsm_pkcs117backend2dbNtB2_2Db3new
FNDA:0,_RNvMNtNtCsjTLMFSz4sfV_13nethsm_pkcs117backend2dbNtB2_2Db9enumerate
FNDA:0,_RNvMNtNtCsjTLMFSz4sfV_13nethsm_pkcs117backend2dbNtB2_2Db16fetched_all_keys
FNDA:0,_RNvMNtNtCsjTLMFSz4sfV_13nethsm_pkcs117backend2dbNtB2_2Db10add_object
FNDA:0,_RNvMNtNtCsjTLMFSz4sfV_13nethsm_pkcs117backend2dbNtB2_2Db6remove
FNF:13
FNH:11
DA:13,0
DA:21,36
DA:22,36
DA:23,36
DA:24,36
DA:25,36
DA:26,36
DA:27,36
DA:29,30
DA:30,30
DA:31,30
DA:32,29
DA:33,29
DA:34,29
DA:35,29
DA:36,30
DA:37,30
DA:38,30
DA:40,1
DA:41,1
DA:42,1
DA:43,1
DA:44,0
DA:45,0
DA:46,1
DA:49,0
DA:50,0
DA:51,0
DA:52,0
DA:54,77
DA:55,77
DA:56,77
DA:57,77
DA:58,1816
DA:59,77
DA:61,93
DA:62,93
DA:63,93
DA:64,93
DA:65,93
DA:66,93
DA:67,556
DA:69,93
DA:70,0
DA:71,0
DA:72,93
DA:73,93
DA:74,93
DA:75,93
DA:76,93
DA:77,93
DA:78,93
DA:79,93
DA:80,93
DA:81,93
DA:82,93
DA:84,532
DA:85,532
DA:86,532
DA:88,1
DA:89,1
DA:90,1
BRF:0
BRH:0
LF:67
LH:58
end_of_record
SF:/home/sautax/git/nethsm-pkcs11/pkcs11/src/backend/db/object.rs
FN:490,_RNvMs2_NtNtNtCsggOPaNFMSYu_13nethsm_pkcs117backend2db6objectNtB5_6Object4attr
FN:36,_RNvXs4_NtNtNtCsggOPaNFMSYu_13nethsm_pkcs117backend2db6objectNtB5_4AttrNtNtCskl7yHyHAUN_4core5clone5Clone5cloneBb_
FN:136,_RNvXs7_NtNtNtCsggOPaNFMSYu_13nethsm_pkcs117backend2db6objectNtB5_10ObjectKindNtNtCskl7yHyHAUN_4core3fmt5Debug3fmt
FN:91,_RNvMNtNtNtCsggOPaNFMSYu_13nethsm_pkcs117backend2db6objectNtB2_4Attr16from_ck_key_type
FN:119,_RNvMNtNtNtCsggOPaNFMSYu_13nethsm_pkcs117backend2db6objectNtB2_4Attr20from_ck_object_class
FN:295,_RNvNtNtNtCsggOPaNFMSYu_13nethsm_pkcs117backend2db6object17configure_generic
FN:55,_RNvMNtNtNtCsggOPaNFMSYu_13nethsm_pkcs117backend2db6objectNtB2_4Attr3len
FN:103,_RNvMNtNtNtCsggOPaNFMSYu_13nethsm_pkcs117backend2db6objectNtB2_4Attr21from_ck_cert_category
FN:190,_RNvNtNtNtCsggOPaNFMSYu_13nethsm_pkcs117backend2db6object13configure_rsa
FN:36,_RNvXs3_NtNtNtCsggOPaNFMSYu_13nethsm_pkcs117backend2db6objectNtB5_4AttrNtNtCskl7yHyHAUN_4core3fmt5Debug3fmt
FN:231,_RNvNtNtNtCsggOPaNFMSYu_13nethsm_pkcs117backend2db6object12configure_ec
FN:108,_RNvMNtNtNtCsggOPaNFMSYu_13nethsm_pkcs117backend2db6objectNtB2_4Attr22from_ck_mechanism_type
FN:70,_RNvMNtNtNtCsggOPaNFMSYu_13nethsm_pkcs117backend2db6objectNtB2_4Attr8as_bytes
FN:169,_RNvXsa_NtNtNtCsggOPaNFMSYu_13nethsm_pkcs117backend2db6objectNtB5_6ObjectNtNtCskl7yHyHAUN_4core3fmt5Debug3fmt
FN:494,_RNvMs2_NtNtNtCsggOPaNFMSYu_13nethsm_pkcs117backend2db6objectNtB5_6Object18fill_attr_template
FN:146,_RNvXs0_NtNtNtCsggOPaNFMSYu_13nethsm_pkcs117backend2db6objectNtB5_10ObjectKindINtNtCskl7yHyHAUN_4core7convert4FromyE4from
FN:169,_RNvXsb_NtNtNtCsggOPaNFMSYu_13nethsm_pkcs117backend2db6objectNtB5_6ObjectNtNtCskl7yHyHAUN_4core5clone5Clone5cloneBb_
FN:323,_RNvNtNtNtCsggOPaNFMSYu_13nethsm_pkcs117backend2db6object13from_key_data
FN:97,_RNvMNtNtNtCsggOPaNFMSYu_13nethsm_pkcs117backend2db6objectNtB2_4Attr17from_ck_cert_type
FN:124,_RNvMNtNtNtCsggOPaNFMSYu_13nethsm_pkcs117backend2db6objectNtB2_4Attr13from_ck_ulong
FN:136,_RNvXs5_NtNtNtCsggOPaNFMSYu_13nethsm_pkcs117backend2db6objectNtB5_10ObjectKindNtNtCskl7yHyHAUN_4core5clone5Clone5cloneBb_
FN:136,_RNvXs9_NtNtNtCsggOPaNFMSYu_13nethsm_pkcs117backend2db6objectNtB5_10ObjectKindNtNtCskl7yHyHAUN_4core3cmp9PartialEq2eqBb_
FN:427,_RNvNtNtNtCsggOPaNFMSYu_13nethsm_pkcs117backend2db6object14from_cert_data
FN:255,_RNCNvNtNtNtCsggOPaNFMSYu_13nethsm_pkcs117backend2db6object12configure_ec0B9_
FN:266,_RNCNvNtNtNtCsggOPaNFMSYu_13nethsm_pkcs117backend2db6object12configure_ecs_0B9_
FN:178,_RNvXsc_NtNtNtCsggOPaNFMSYu_13nethsm_pkcs117backend2db6objectNtB5_7KeyPairNtNtCskl7yHyHAUN_4core3fmt5Debug3fmt
FN:86,_RNvMNtNtNtCsggOPaNFMSYu_13nethsm_pkcs117backend2db6objectNtB2_4Attr12from_ck_byte
FN:114,_RNvMNtNtNtCsggOPaNFMSYu_13nethsm_pkcs117backend2db6objectNtB2_4Attr26from_ck_mechanism_type_vec
FN:116,_RNCNvMNtNtNtCsggOPaNFMSYu_13nethsm_pkcs117backend2db6objectNtB4_4Attr26from_ck_mechanism_type_vec0Ba_
FN:178,_RNvXsd_NtNtNtCsggOPaNFMSYu_13nethsm_pkcs117backend2db6objectNtB5_7KeyPairNtNtCskl7yHyHAUN_4core5clone5Clone5cloneBb_
FN:131,_RNvXs_NtNtNtCsggOPaNFMSYu_13nethsm_pkcs117backend2db6objectNtB4_4AttrNtNtCskl7yHyHAUN_4core3cmp9PartialEq2eq
FN:158,_RNvXs1_NtNtNtCsggOPaNFMSYu_13nethsm_pkcs117backend2db6objectyINtNtCskl7yHyHAUN_4core7convert4FromNtB5_10ObjectKindE4from
FN:255,_RNCNvNtNtNtCsjTLMFSz4sfV_13nethsm_pkcs117backend2db6object12configure_ec0B9_
FN:266,_RNCNvNtNtNtCsjTLMFSz4sfV_13nethsm_pkcs117backend2db6object12configure_ecs_0B9_
FN:86,_RNvMNtNtNtCsjTLMFSz4sfV_13nethsm_pkcs117backend2db6objectNtB2_4Attr12from_ck_byte
FN:131,_RNvXs_NtNtNtCsjTLMFSz4sfV_13nethsm_pkcs117backend2db6objectNtB4_4AttrNtNtCskl7yHyHAUN_4core3cmp9PartialEq2eq
FN:178,_RNvXsc_NtNtNtCsjTLMFSz4sfV_13nethsm_pkcs117backend2db6objectNtB5_7KeyPairNtNtCskl7yHyHAUN_4core3fmt5Debug3fmt
FN:114,_RNvMNtNtNtCsjTLMFSz4sfV_13nethsm_pkcs117backend2db6objectNtB2_4Attr26from_ck_mechanism_type_vec
FN:158,_RNvXs1_NtNtNtCsjTLMFSz4sfV_13nethsm_pkcs117backend2db6objectyINtNtCskl7yHyHAUN_4core7convert4FromNtB5_10ObjectKindE4from
FN:116,_RNCNvMNtNtNtCsjTLMFSz4sfV_13nethsm_pkcs117backend2db6objectNtB4_4Attr26from_ck_mechanism_type_vec0Ba_
FN:178,_RNvXsd_NtNtNtCsjTLMFSz4sfV_13nethsm_pkcs117backend2db6objectNtB5_7KeyPairNtNtCskl7yHyHAUN_4core5clone5Clone5cloneBb_
FN:91,_RNvMNtNtNtCsjTLMFSz4sfV_13nethsm_pkcs117backend2db6objectNtB2_4Attr16from_ck_key_type
FN:119,_RNvMNtNtNtCsjTLMFSz4sfV_13nethsm_pkcs117backend2db6objectNtB2_4Attr20from_ck_object_class
FN:295,_RNvNtNtNtCsjTLMFSz4sfV_13nethsm_pkcs117backend2db6object17configure_generic
FN:55,_RNvMNtNtNtCsjTLMFSz4sfV_13nethsm_pkcs117backend2db6objectNtB2_4Attr3len
FN:103,_RNvMNtNtNtCsjTLMFSz4sfV_13nethsm_pkcs117backend2db6objectNtB2_4Attr21from_ck_cert_category
FN:190,_RNvNtNtNtCsjTLMFSz4sfV_13nethsm_pkcs117backend2db6object13configure_rsa
FN:427,_RNvNtNtNtCsjTLMFSz4sfV_13nethsm_pkcs117backend2db6object14from_cert_data
FN:36,_RNvXs3_NtNtNtCsjTLMFSz4sfV_13nethsm_pkcs117backend2db6objectNtB5_4AttrNtNtCskl7yHyHAUN_4core3fmt5Debug3fmt
FN:169,_RNvXsa_NtNtNtCsjTLMFSz4sfV_13nethsm_pkcs117backend2db6objectNtB5_6ObjectNtNtCskl7yHyHAUN_4core3fmt5Debug3fmt
FN:169,_RNvXsb_NtNtNtCsjTLMFSz4sfV_13nethsm_pkcs117backend2db6objectNtB5_6ObjectNtNtCskl7yHyHAUN_4core5clone5Clone5cloneBb_
FN:136,_RNvXs5_NtNtNtCsjTLMFSz4sfV_13nethsm_pkcs117backend2db6objectNtB5_10ObjectKindNtNtCskl7yHyHAUN_4core5clone5Clone5cloneBb_
FN:136,_RNvXs9_NtNtNtCsjTLMFSz4sfV_13nethsm_pkcs117backend2db6objectNtB5_10ObjectKindNtNtCskl7yHyHAUN_4core3cmp9PartialEq2eqBb_
FN:494,_RNvMs2_NtNtNtCsjTLMFSz4sfV_13nethsm_pkcs117backend2db6objectNtB5_6Object18fill_attr_template
FN:146,_RNvXs0_NtNtNtCsjTLMFSz4sfV_13nethsm_pkcs117backend2db6objectNtB5_10ObjectKindINtNtCskl7yHyHAUN_4core7convert4FromyE4from
FN:97,_RNvMNtNtNtCsjTLMFSz4sfV_13nethsm_pkcs117backend2db6objectNtB2_4Attr17from_ck_cert_type
FN:124,_RNvMNtNtNtCsjTLMFSz4sfV_13nethsm_pkcs117backend2db6objectNtB2_4Attr13from_ck_ulong
FN:323,_RNvNtNtNtCsjTLMFSz4sfV_13nethsm_pkcs117backend2db6object13from_key_data
FN:70,_RNvMNtNtNtCsjTLMFSz4sfV_13nethsm_pkcs117backend2db6objectNtB2_4Attr8as_bytes
FN:108,_RNvMNtNtNtCsjTLMFSz4sfV_13nethsm_pkcs117backend2db6objectNtB2_4Attr22from_ck_mechanism_type
FN:231,_RNvNtNtNtCsjTLMFSz4sfV_13nethsm_pkcs117backend2db6object12configure_ec
FN:36,_RNvXs4_NtNtNtCsjTLMFSz4sfV_13nethsm_pkcs117backend2db6objectNtB5_4AttrNtNtCskl7yHyHAUN_4core5clone5Clone5cloneBb_
FN:136,_RNvXs7_NtNtNtCsjTLMFSz4sfV_13nethsm_pkcs117backend2db6objectNtB5_10ObjectKindNtNtCskl7yHyHAUN_4core3fmt5Debug3fmt
FN:490,_RNvMs2_NtNtNtCsjTLMFSz4sfV_13nethsm_pkcs117backend2db6objectNtB5_6Object4attr
FNDA:498,_RNvMs2_NtNtNtCsggOPaNFMSYu_13nethsm_pkcs117backend2db6objectNtB5_6Object4attr
FNDA:52165,_RNvXs4_NtNtNtCsggOPaNFMSYu_13nethsm_pkcs117backend2db6objectNtB5_4AttrNtNtCskl7yHyHAUN_4core5clone5Clone5cloneBb_
FNDA:0,_RNvXs7_NtNtNtCsggOPaNFMSYu_13nethsm_pkcs117backend2db6objectNtB5_10ObjectKindNtNtCskl7yHyHAUN_4core3fmt5Debug3fmt
FNDA:93,_RNvMNtNtNtCsggOPaNFMSYu_13nethsm_pkcs117backend2db6objectNtB2_4Attr16from_ck_key_type
FNDA:102,_RNvMNtNtNtCsggOPaNFMSYu_13nethsm_pkcs117backend2db6objectNtB2_4Attr20from_ck_object_class
FNDA:9,_RNvNtNtNtCsggOPaNFMSYu_13nethsm_pkcs117backend2db6object17configure_generic
FNDA:472,_RNvMNtNtNtCsggOPaNFMSYu_13nethsm_pkcs117backend2db6objectNtB2_4Attr3len
FNDA:0,_RNvMNtNtNtCsggOPaNFMSYu_13nethsm_pkcs117backend2db6objectNtB2_4Attr21from_ck_cert_category
FNDA:12,_RNvNtNtNtCsggOPaNFMSYu_13nethsm_pkcs117backend2db6object13configure_rsa
FNDA:0,_RNvXs3_NtNtNtCsggOPaNFMSYu_13nethsm_pkcs117backend2db6objectNtB5_4AttrNtNtCskl7yHyHAUN_4core3fmt5Debug3fmt
FNDA:30,_RNvNtNtNtCsggOPaNFMSYu_13nethsm_pkcs117backend2db6object12configure_ec
FNDA:51,_RNvMNtNtNtCsggOPaNFMSYu_13nethsm_pkcs117backend2db6objectNtB2_4Attr22from_ck_mechanism_type
FNDA:472,_RNvMNtNtNtCsggOPaNFMSYu_13nethsm_pkcs117backend2db6objectNtB2_4Attr8as_bytes
FNDA:0,_RNvXsa_NtNtNtCsggOPaNFMSYu_13nethsm_pkcs117backend2db6objectNtB5_6ObjectNtNtCskl7yHyHAUN_4core3fmt5Debug3fmt
FNDA:497,_RNvMs2_NtNtNtCsggOPaNFMSYu_13nethsm_pkcs117backend2db6objectNtB5_6Object18fill_attr_template
FNDA:93,_RNvXs0_NtNtNtCsggOPaNFMSYu_13nethsm_pkcs117backend2db6objectNtB5_10ObjectKindINtNtCskl7yHyHAUN_4core7convert4FromyE4from
FNDA:1835,_RNvXsb_NtNtNtCsggOPaNFMSYu_13nethsm_pkcs117backend2db6objectNtB5_6ObjectNtNtCskl7yHyHAUN_4core5clone5Clone5cloneBb_
FNDA:51,_RNvNtNtNtCsggOPaNFMSYu_13nethsm_pkcs117backend2db6object13from_key_data
FNDA:0,_RNvMNtNtNtCsggOPaNFMSYu_13nethsm_pkcs117backend2db6objectNtB2_4Attr17from_ck_cert_type
FNDA:21,_RNvMNtNtNtCsggOPaNFMSYu_13nethsm_pkcs117backend2db6objectNtB2_4Attr13from_ck_ulong
FNDA:1835,_RNvXs5_NtNtNtCsggOPaNFMSYu_13nethsm_pkcs117backend2db6objectNtB5_10ObjectKindNtNtCskl7yHyHAUN_4core5clone5Clone5cloneBb_
FNDA:1160,_RNvXs9_NtNtNtCsggOPaNFMSYu_13nethsm_pkcs117backend2db6objectNtB5_10ObjectKindNtNtCskl7yHyHAUN_4core3cmp9PartialEq2eqBb_
FNDA:0,_RNvNtNtNtCsggOPaNFMSYu_13nethsm_pkcs117backend2db6object14from_cert_data
FNDA:30,_RNCNvNtNtNtCsggOPaNFMSYu_13nethsm_pkcs117backend2db6object12configure_ec0B9_
FNDA:30,_RNCNvNtNtNtCsggOPaNFMSYu_13nethsm_pkcs117backend2db6object12configure_ecs_0B9_
FNDA:0,_RNvXsc_NtNtNtCsggOPaNFMSYu_13nethsm_pkcs117backend2db6objectNtB5_7KeyPairNtNtCskl7yHyHAUN_4core3fmt5Debug3fmt
FNDA:0,_RNvMNtNtNtCsggOPaNFMSYu_13nethsm_pkcs117backend2db6objectNtB2_4Attr12from_ck_byte
FNDA:0,_RNvMNtNtNtCsggOPaNFMSYu_13nethsm_pkcs117backend2db6objectNtB2_4Attr26from_ck_mechanism_type_vec
FNDA:0,_RNCNvMNtNtNtCsggOPaNFMSYu_13nethsm_pkcs117backend2db6objectNtB4_4Attr26from_ck_mechanism_type_vec0Ba_
FNDA:0,_RNvXsd_NtNtNtCsggOPaNFMSYu_13nethsm_pkcs117backend2db6objectNtB5_7KeyPairNtNtCskl7yHyHAUN_4core5clone5Clone5cloneBb_
FNDA:0,_RNvXs_NtNtNtCsggOPaNFMSYu_13nethsm_pkcs117backend2db6objectNtB4_4AttrNtNtCskl7yHyHAUN_4core3cmp9PartialEq2eq
FNDA:0,_RNvXs1_NtNtNtCsggOPaNFMSYu_13nethsm_pkcs117backend2db6objectyINtNtCskl7yHyHAUN_4core7convert4FromNtB5_10ObjectKindE4from
FNDA:0,_RNCNvNtNtNtCsjTLMFSz4sfV_13nethsm_pkcs117backend2db6object12configure_ec0B9_
FNDA:0,_RNCNvNtNtNtCsjTLMFSz4sfV_13nethsm_pkcs117backend2db6object12configure_ecs_0B9_
FNDA:0,_RNvMNtNtNtCsjTLMFSz4sfV_13nethsm_pkcs117backend2db6objectNtB2_4Attr12from_ck_byte
FNDA:0,_RNvXs_NtNtNtCsjTLMFSz4sfV_13nethsm_pkcs117backend2db6objectNtB4_4AttrNtNtCskl7yHyHAUN_4core3cmp9PartialEq2eq
FNDA:0,_RNvXsc_NtNtNtCsjTLMFSz4sfV_13nethsm_pkcs117backend2db6objectNtB5_7KeyPairNtNtCskl7yHyHAUN_4core3fmt5Debug3fmt
FNDA:0,_RNvMNtNtNtCsjTLMFSz4sfV_13nethsm_pkcs117backend2db6objectNtB2_4Attr26from_ck_mechanism_type_vec
FNDA:0,_RNvXs1_NtNtNtCsjTLMFSz4sfV_13nethsm_pkcs117backend2db6objectyINtNtCskl7yHyHAUN_4core7convert4FromNtB5_10ObjectKindE4from
FNDA:0,_RNCNvMNtNtNtCsjTLMFSz4sfV_13nethsm_pkcs117backend2db6objectNtB4_4Attr26from_ck_mechanism_type_vec0Ba_
FNDA:0,_RNvXsd_NtNtNtCsjTLMFSz4sfV_13nethsm_pkcs117backend2db6objectNtB5_7KeyPairNtNtCskl7yHyHAUN_4core5clone5Clone5cloneBb_
FNDA:0,_RNvMNtNtNtCsjTLMFSz4sfV_13nethsm_pkcs117backend2db6objectNtB2_4Attr16from_ck_key_type
FNDA:0,_RNvMNtNtNtCsjTLMFSz4sfV_13nethsm_pkcs117backend2db6objectNtB2_4Attr20from_ck_object_class
FNDA:0,_RNvNtNtNtCsjTLMFSz4sfV_13nethsm_pkcs117backend2db6object17configure_generic
FNDA:0,_RNvMNtNtNtCsjTLMFSz4sfV_13nethsm_pkcs117backend2db6objectNtB2_4Attr3len
FNDA:0,_RNvMNtNtNtCsjTLMFSz4sfV_13nethsm_pkcs117backend2db6objectNtB2_4Attr21from_ck_cert_category
FNDA:0,_RNvNtNtNtCsjTLMFSz4sfV_13nethsm_pkcs117backend2db6object13configure_rsa
FNDA:0,_RNvNtNtNtCsjTLMFSz4sfV_13nethsm_pkcs117backend2db6object14from_cert_data
FNDA:0,_RNvXs3_NtNtNtCsjTLMFSz4sfV_13nethsm_pkcs117backend2db6objectNtB5_4AttrNtNtCskl7yHyHAUN_4core3fmt5Debug3fmt
FNDA:0,_RNvXsa_NtNtNtCsjTLMFSz4sfV_13nethsm_pkcs117backend2db6objectNtB5_6ObjectNtNtCskl7yHyHAUN_4core3fmt5Debug3fmt
FNDA:0,_RNvXsb_NtNtNtCsjTLMFSz4sfV_13nethsm_pkcs117backend2db6objectNtB5_6ObjectNtNtCskl7yHyHAUN_4core5clone5Clone5cloneBb_
FNDA:0,_RNvXs5_NtNtNtCsjTLMFSz4sfV_13nethsm_pkcs117backend2db6objectNtB5_10ObjectKindNtNtCskl7yHyHAUN_4core5clone5Clone5cloneBb_
FNDA:0,_RNvXs9_NtNtNtCsjTLMFSz4sfV_13nethsm_pkcs117backend2db6objectNtB5_10ObjectKindNtNtCskl7yHyHAUN_4core3cmp9PartialEq2eqBb_
FNDA:0,_RNvMs2_NtNtNtCsjTLMFSz4sfV_13nethsm_pkcs117backend2db6objectNtB5_6Object18fill_attr_template
FNDA:0,_RNvXs0_NtNtNtCsjTLMFSz4sfV_13nethsm_pkcs117backend2db6objectNtB5_10ObjectKindINtNtCskl7yHyHAUN_4core7convert4FromyE4from
FNDA:0,_RNvMNtNtNtCsjTLMFSz4sfV_13nethsm_pkcs117backend2db6objectNtB2_4Attr17from_ck_cert_type
FNDA:0,_RNvMNtNtNtCsjTLMFSz4sfV_13nethsm_pkcs117backend2db6objectNtB2_4Attr13from_ck_ulong
FNDA:0,_RNvNtNtNtCsjTLMFSz4sfV_13nethsm_pkcs117backend2db6object13from_key_data
FNDA:0,_RNvMNtNtNtCsjTLMFSz4sfV_13nethsm_pkcs117backend2db6objectNtB2_4Attr8as_bytes
FNDA:0,_RNvMNtNtNtCsjTLMFSz4sfV_13nethsm_pkcs117backend2db6objectNtB2_4Attr22from_ck_mechanism_type
FNDA:0,_RNvNtNtNtCsjTLMFSz4sfV_13nethsm_pkcs117backend2db6object12configure_ec
FNDA:0,_RNvXs4_NtNtNtCsjTLMFSz4sfV_13nethsm_pkcs117backend2db6objectNtB5_4AttrNtNtCskl7yHyHAUN_4core5clone5Clone5cloneBb_
FNDA:0,_RNvXs7_NtNtNtCsjTLMFSz4sfV_13nethsm_pkcs117backend2db6objectNtB5_10ObjectKindNtNtCskl7yHyHAUN_4core3fmt5Debug3fmt
FNDA:0,_RNvMs2_NtNtNtCsjTLMFSz4sfV_13nethsm_pkcs117backend2db6objectNtB5_6Object4attr
FNF:32
FNH:19
DA:36,52165
DA:55,472
DA:56,472
DA:57,145
DA:58,0
DA:59,52
DA:60,0
DA:61,0
DA:62,0
DA:63,28
DA:64,13
DA:65,234
DA:66,0
DA:68,472
DA:70,472
DA:71,472
DA:72,145
DA:73,0
DA:74,52
DA:75,0
DA:76,0
DA:77,0
DA:78,28
DA:79,13
DA:80,234
DA:81,0
DA:83,472
DA:86,0
DA:87,0
DA:88,0
DA:89,0
DA:91,93
DA:92,93
DA:93,93
DA:94,93
DA:97,0
DA:98,0
DA:99,0
DA:100,0
DA:103,0
DA:104,0
DA:105,0
DA:106,0
DA:108,51
DA:109,51
DA:110,51
DA:111,51
DA:114,0
DA:115,0
DA:116,0
DA:117,0
DA:119,102
DA:120,102
DA:121,102
DA:122,102
DA:124,21
DA:125,21
DA:126,21
DA:127,21
DA:131,0
DA:132,0
DA:133,0
DA:136,1835
DA:146,93
DA:147,93
DA:148,58
DA:149,31
DA:150,4
DA:151,0
DA:152,0
DA:154,93
DA:158,0
DA:159,0
DA:160,0
DA:161,0
DA:162,0
DA:163,0
DA:164,0
DA:166,0
DA:169,1835
DA:178,0
DA:190,12
DA:191,12
DA:192,12
DA:193,12
DA:194,12
DA:196,12
DA:197,12
DA:198,12
DA:199,12
DA:200,12
DA:201,12
DA:202,12
DA:203,12
DA:204,12
DA:205,12
DA:207,12
DA:208,12
DA:209,12
DA:210,12
DA:211,12
DA:212,12
DA:213,12
DA:214,12
DA:215,12
DA:216,12
DA:217,12
DA:218,12
DA:219,12
DA:220,12
DA:221,12
DA:222,12
DA:223,12
DA:224,12
DA:225,12
DA:226,12
DA:227,12
DA:228,12
DA:229,12
DA:231,30
DA:232,30
DA:233,30
DA:234,30
DA:235,30
DA:237,30
DA:238,30
DA:240,30
DA:242,30
DA:244,30
DA:246,30
DA:249,30
DA:250,0
DA:251,0
DA:253,30
DA:255,30
DA:256,30
DA:257,30
DA:258,30
DA:259,30
DA:261,30
DA:262,30
DA:263,30
DA:264,30
DA:266,30
DA:267,30
DA:268,30
DA:270,30
DA:271,6
DA:272,24
DA:275,30
DA:276,30
DA:277,30
DA:278,30
DA:279,30
DA:280,30
DA:281,30
DA:282,30
DA:283,30
DA:284,30
DA:285,30
DA:286,30
DA:287,30
DA:288,30
DA:289,30
DA:290,30
DA:291,30
DA:292,30
DA:295,9
DA:296,9
DA:297,9
DA:298,9
DA:299,9
DA:300,9
DA:301,9
DA:302,9
DA:303,9
DA:304,9
DA:305,9
DA:306,9
DA:307,9
DA:308,9
DA:309,9
DA:310,9
DA:311,9
DA:312,9
DA:313,9
DA:314,9
DA:315,9
DA:316,9
DA:317,9
DA:318,9
DA:319,9
DA:320,9
DA:321,9
DA:323,51
DA:324,51
DA:325,51
DA:326,51
DA:327,51
DA:328,51
DA:330,51
DA:331,0
DA:332,51
DA:333,51
DA:334,51
DA:336,51
DA:337,51
DA:338,51
DA:339,51
DA:340,51
DA:341,51
DA:342,51
DA:343,51
DA:344,51
DA:345,51
DA:346,51
DA:347,51
DA:348,51
DA:349,51
DA:350,51
DA:351,51
DA:352,51
DA:353,51
DA:354,51
DA:355,51
DA:356,51
DA:357,51
DA:359,51
DA:360,12
DA:365,30
DA:366,9
DA:368,51
DA:369,51
DA:370,51
DA:371,51
DA:372,51
DA:373,51
DA:374,51
DA:375,51
DA:376,51
DA:377,51
DA:378,51
DA:379,9
DA:380,9
DA:381,9
DA:382,9
DA:383,9
DA:384,9
DA:385,42
DA:386,42
DA:387,42
DA:388,42
DA:389,42
DA:390,42
DA:391,42
DA:392,42
DA:393,42
DA:394,42
DA:395,42
DA:396,42
DA:397,42
DA:398,42
DA:399,42
DA:400,42
DA:401,42
DA:402,42
DA:403,42
DA:404,42
DA:405,42
DA:406,42
DA:407,42
DA:408,42
DA:409,42
DA:410,42
DA:411,42
DA:412,42
DA:413,42
DA:414,42
DA:415,42
DA:416,42
DA:417,42
DA:418,42
DA:419,42
DA:420,42
DA:421,42
DA:422,42
DA:423,42
DA:424,42
DA:425,51
DA:427,0
DA:428,0
DA:429,0
DA:430,0
DA:431,0
DA:432,0
DA:434,0
DA:435,0
DA:436,0
DA:437,0
DA:438,0
DA:439,0
DA:440,0
DA:441,0
DA:442,0
DA:443,0
DA:444,0
DA:445,0
DA:446,0
DA:447,0
DA:448,0
DA:449,0
DA:450,0
DA:451,0
DA:452,0
DA:453,0
DA:454,0
DA:455,0
DA:456,0
DA:457,0
DA:458,0
DA:459,0
DA:460,0
DA:461,0
DA:462,0
DA:463,0
DA:464,0
DA:465,0
DA:466,0
DA:467,0
DA:468,0
DA:469,0
DA:470,0
DA:474,0
DA:476,0
DA:477,0
DA:478,0
DA:479,0
DA:480,0
DA:481,0
DA:482,0
DA:483,0
DA:484,0
DA:485,0
DA:486,0
DA:487,0
DA:490,498
DA:491,498
DA:492,498
DA:494,497
DA:495,497
DA:497,498
DA:498,498
DA:499,472
DA:500,472
DA:502,0
DA:503,0
DA:504,0
DA:506,472
DA:508,116
DA:509,0
DA:510,0
DA:511,0
DA:512,0
DA:513,472
DA:516,26
DA:517,26
DA:518,26
DA:519,26
DA:521,498
DA:522,0
DA:523,0
DA:527,497
DA:528,497
BRF:0
BRH:0
LF:383
LH:270
end_of_record
SF:/home/sautax/git/nethsm-pkcs11/pkcs11/src/backend/decrypt.rs
FN:78,_RNCNvMNtNtCsggOPaNFMSYu_13nethsm_pkcs117backend7decryptNtB4_10DecryptCtx13decrypt_finals_0B8_
FN:81,_RNCNCNCNvMNtNtCsggOPaNFMSYu_13nethsm_pkcs117backend7decryptNtB8_10DecryptCtx13decrypt_finals_000Bc_
FN:74,_RNCNvMNtNtCsggOPaNFMSYu_13nethsm_pkcs117backend7decryptNtB4_10DecryptCtx13decrypt_final0B8_
FN:15,_RNvXs_NtNtCsggOPaNFMSYu_13nethsm_pkcs117backend7decryptNtB4_10DecryptCtxNtNtCskl7yHyHAUN_4core5clone5Clone5cloneB8_
FN:15,_RNvXs0_NtNtCsggOPaNFMSYu_13nethsm_pkcs117backend7decryptNtB5_10DecryptCtxNtNtCskl7yHyHAUN_4core3fmt5Debug3fmt
FN:55,_RNvMNtNtCsggOPaNFMSYu_13nethsm_pkcs117backend7decryptNtB2_10DecryptCtx13decrypt_final
FN:24,_RNvMNtNtCsggOPaNFMSYu_13nethsm_pkcs117backend7decryptNtB2_10DecryptCtx4init
FN:51,_RNvMNtNtCsggOPaNFMSYu_13nethsm_pkcs117backend7decryptNtB2_10DecryptCtx6update
FN:78,_RNCNvMNtNtCsjTLMFSz4sfV_13nethsm_pkcs117backend7decryptNtB4_10DecryptCtx13decrypt_finals_0B8_
FN:81,_RNCNCNCNvMNtNtCsjTLMFSz4sfV_13nethsm_pkcs117backend7decryptNtB8_10DecryptCtx13decrypt_finals_000Bc_
[...]
FNDA:0,_RINvXNvNtNtCsjTLMFSz4sfV_13nethsm_pkcs116config11config_files6_1__NtB5_10UserConfigNtNtCshUF5v59RDfN_5serde3ser9Serialize9serializepEB9_
FNDA:0,_RNvXs7_NtNtCsjTLMFSz4sfV_13nethsm_pkcs116config11config_fileNtB5_14InstanceConfigNtNtCskl7yHyHAUN_4core5clone5Clone5cloneB9_
FNDA:0,_RINvXNvXNvNtNtCsjTLMFSz4sfV_13nethsm_pkcs116config11config_files_1__NtB8_8LogLevelNtNtCshUF5v59RDfN_5serde2de11Deserialize11deserializeNtB3_14___FieldVisitorNtB1k_7Visitor9visit_u64pEBc_
FNDA:0,_RNvXs6_NtNtCsjTLMFSz4sfV_13nethsm_pkcs116config11config_fileNtB5_14InstanceConfigNtNtCskl7yHyHAUN_4core3fmt5Debug3fmt
FNDA:0,_RNvXs3_NtNtCsjTLMFSz4sfV_13nethsm_pkcs116config11config_fileNtB5_9P11ConfigNtNtCskl7yHyHAUN_4core5clone5Clone5cloneB9_
FNDA:0,_RNvXs8_NtNtCsjTLMFSz4sfV_13nethsm_pkcs116config11config_fileNtB5_10SlotConfigNtNtCskl7yHyHAUN_4core3fmt5Debug3fmt
FNDA:0,_RINvXNvXNvNtNtCsjTLMFSz4sfV_13nethsm_pkcs116config11config_files3_1__NtB8_14InstanceConfigNtNtCshUF5v59RDfN_5serde2de11Deserialize11deserializeNtB3_14___FieldVisitorNtB1s_7Visitor9visit_u64pEBc_
FNDA:0,_RINvXs0_NvXNvNtNtCsjTLMFSz4sfV_13nethsm_pkcs116config11config_files5_1__NtBb_10SlotConfigNtNtCshUF5v59RDfN_5serde2de11Deserialize11deserializeNtB6_9___VisitorNtB1r_7Visitor9visit_seqpEBf_
FNDA:0,_RINvXNvNtNtCsjTLMFSz4sfV_13nethsm_pkcs116config11config_files0_1__NtB5_9P11ConfigNtNtCshUF5v59RDfN_5serde3ser9Serialize9serializepEB9_
FNDA:0,_RINvXNvXNvNtNtCsjTLMFSz4sfV_13nethsm_pkcs116config11config_files7_1__NtB8_10UserConfigNtNtCshUF5v59RDfN_5serde2de11Deserialize11deserializeNtB3_14___FieldVisitorNtB1o_7Visitor9visit_u64pEBc_
FNDA:0,_RINvXNvXNvNtNtCsjTLMFSz4sfV_13nethsm_pkcs116config11config_files5_1__NtB8_10SlotConfigNtNtCshUF5v59RDfN_5serde2de11Deserialize11deserializeNtB3_14___FieldVisitorNtB1o_7Visitor11visit_bytespEBc_
FNDA:0,_RINvXNvXs0_NvXNvNtNtCsjTLMFSz4sfV_13nethsm_pkcs116config11config_files7_1__NtBe_10UserConfigNtNtCshUF5v59RDfN_5serde2de11Deserialize11deserializeNtB9_9___VisitorNtB1u_7Visitor9visit_seqNtB3_17___DeserializeWithB1s_11deserializepEBi_
FNDA:0,_RNvXs2_NtNtCsjTLMFSz4sfV_13nethsm_pkcs116config11config_fileNtB5_9P11ConfigNtNtCskl7yHyHAUN_4core3fmt5Debug3fmt
FNDA:0,_RINvXNvXNvNtNtCsjTLMFSz4sfV_13nethsm_pkcs116config11config_files7_1__NtB8_10UserConfigNtNtCshUF5v59RDfN_5serde2de11Deserialize11deserializeNtB3_14___FieldVisitorNtB1o_7Visitor11visit_bytespEBc_
FNDA:0,_RINvXs0_NvXNvNtNtCsjTLMFSz4sfV_13nethsm_pkcs116config11config_files1_1__NtBb_9P11ConfigNtNtCshUF5v59RDfN_5serde2de11Deserialize11deserializeNtB6_9___VisitorNtB1p_7Visitor9visit_seqpEBf_
FNDA:0,_RINvXNvXNvNtNtCsjTLMFSz4sfV_13nethsm_pkcs116config11config_files1_1__NtB8_9P11ConfigNtNtCshUF5v59RDfN_5serde2de11Deserialize11deserializeNtB3_14___FieldVisitorNtB1m_7Visitor11visit_bytespEBc_
FNDA:0,_RINvXNvXNvNtNtCsjTLMFSz4sfV_13nethsm_pkcs116config11config_files1_1__NtB8_9P11ConfigNtNtCshUF5v59RDfN_5serde2de11Deserialize11deserializeNtB3_14___FieldVisitorNtB1m_7Visitor9visit_u64pEBc_
FNDA:0,_RNvXNvXNvNtNtCsjTLMFSz4sfV_13nethsm_pkcs116config11config_files3_1__NtB7_14InstanceConfigNtNtCshUF5v59RDfN_5serde2de11Deserialize11deserializeNtB2_14___FieldVisitorNtB1r_7Visitor9expecting
FNDA:0,_RNvXNvXNvNtNtCsjTLMFSz4sfV_13nethsm_pkcs116config11config_files5_1__NtB7_10SlotConfigNtNtCshUF5v59RDfN_5serde2de11Deserialize11deserializeNtB2_14___FieldVisitorNtB1n_7Visitor9expecting
FNDA:0,_RNvXs0_NvXNvNtNtCsjTLMFSz4sfV_13nethsm_pkcs116config11config_files3_1__NtBa_14InstanceConfigNtNtCshUF5v59RDfN_5serde2de11Deserialize11deserializeNtB5_9___VisitorNtB1u_7Visitor9expecting
FNDA:0,_RNvXs4_NtNtCsjTLMFSz4sfV_13nethsm_pkcs116config11config_fileNtB5_9P11ConfigNtCsfdkSD4awTsu_5merge5Merge5merge
FNDA:0,_RNvXs0_NvXNvNtNtCsjTLMFSz4sfV_13nethsm_pkcs116config11config_files5_1__NtBa_10SlotConfigNtNtCshUF5v59RDfN_5serde2de11Deserialize11deserializeNtB5_9___VisitorNtB1q_7Visitor9expecting
FNDA:0,_RNvXs5_NtNtCsjTLMFSz4sfV_13nethsm_pkcs116config11config_fileNtB5_9P11ConfigNtNtCskl7yHyHAUN_4core7default7Default7defaultB9_
FNDA:0,_RNvXs0_NvXNvNtNtCsjTLMFSz4sfV_13nethsm_pkcs116config11config_files7_1__NtBa_10UserConfigNtNtCshUF5v59RDfN_5serde2de11Deserialize11deserializeNtB5_9___VisitorNtB1q_7Visitor9expecting
FNDA:0,_RNvXs_NtNtCsjTLMFSz4sfV_13nethsm_pkcs116config11config_fileNtB4_11ConfigErrorNtNtCskl7yHyHAUN_4core3fmt5Debug3fmt
FNDA:0,_RNvXsa_NtNtCsjTLMFSz4sfV_13nethsm_pkcs116config11config_fileNtB5_10UserConfigNtNtCskl7yHyHAUN_4core3fmt5Debug3fmt
FNDA:0,_RNvXNvXNvNtNtCsjTLMFSz4sfV_13nethsm_pkcs116config11config_files7_1__NtB7_10UserConfigNtNtCshUF5v59RDfN_5serde2de11Deserialize11deserializeNtB2_14___FieldVisitorNtB1n_7Visitor9expecting
FNDA:0,_RNvXs0_NvXNvNtNtCsjTLMFSz4sfV_13nethsm_pkcs116config11config_files1_1__NtBa_9P11ConfigNtNtCshUF5v59RDfN_5serde2de11Deserialize11deserializeNtB5_9___VisitorNtB1o_7Visitor9expecting
FNDA:0,_RNvXNvXNvNtNtCsjTLMFSz4sfV_13nethsm_pkcs116config11config_files_1__NtB7_8LogLevelNtNtCshUF5v59RDfN_5serde2de11Deserialize11deserializeNtB2_14___FieldVisitorNtB1j_7Visitor9expecting
FNDA:0,_RNvXsb_NtNtCsjTLMFSz4sfV_13nethsm_pkcs116config11config_fileNtB5_10UserConfigNtNtCskl7yHyHAUN_4core5clone5Clone5cloneB9_
FNDA:0,_RNvNtNtCsjTLMFSz4sfV_13nethsm_pkcs116config11config_file18read_configuration
FNDA:0,_RNvXNvXNvNtNtCsjTLMFSz4sfV_13nethsm_pkcs116config11config_files1_1__NtB7_9P11ConfigNtNtCshUF5v59RDfN_5serde2de11Deserialize11deserializeNtB2_14___FieldVisitorNtB1l_7Visitor9expecting
FNDA:0,_RINvXs_NvXNvNtNtCsjTLMFSz4sfV_13nethsm_pkcs116config11config_files_1__NtBa_8LogLevelNtNtCshUF5v59RDfN_5serde2de11Deserialize11deserializeNtB5_7___FieldB1k_11deserializeINtNtB1m_5value15StrDeserializerNtNtCsaJZAZs7ESo2_10serde_yaml5error5ErrorEEBe_
FNDA:0,_RINvXNvNtNtCsjTLMFSz4sfV_13nethsm_pkcs116config11config_files7_1__NtB5_10UserConfigNtNtCshUF5v59RDfN_5serde2de11Deserialize11deserializeQNtNtCsaJZAZs7ESo2_10serde_yaml2de22DeserializerFromEventsEB9_
FNDA:0,_RINvXs_NvXNvNtNtCsjTLMFSz4sfV_13nethsm_pkcs116config11config_files3_1__NtBa_14InstanceConfigNtNtCshUF5v59RDfN_5serde2de11Deserialize11deserializeNtB5_7___FieldB1s_11deserializeQNtNtCsaJZAZs7ESo2_10serde_yaml2de22DeserializerFromEventsEBe_
FNDA:0,_RINvXs_NvXNvNtNtCsjTLMFSz4sfV_13nethsm_pkcs116config11config_files5_1__NtBa_10SlotConfigNtNtCshUF5v59RDfN_5serde2de11Deserialize11deserializeNtB5_7___FieldB1o_11deserializeQNtNtCsaJZAZs7ESo2_10serde_yaml2de22DeserializerFromEventsEBe_
FNDA:0,_RINvXs0_NvXNvNtNtCsjTLMFSz4sfV_13nethsm_pkcs116config11config_files_1__NtBb_8LogLevelNtNtCshUF5v59RDfN_5serde2de11Deserialize11deserializeNtB6_9___VisitorNtB1n_7Visitor10visit_enumNtNtCsaJZAZs7ESo2_10serde_yaml2de10EnumAccessEBf_
FNDA:0,_RINvNtNtCsjTLMFSz4sfV_13nethsm_pkcs116config11config_file20deserialize_passwordQNtNtCsaJZAZs7ESo2_10serde_yaml2de22DeserializerFromEventsEB6_
FNDA:0,_RINvXNvNtNtCsjTLMFSz4sfV_13nethsm_pkcs116config11config_files5_1__NtB5_10SlotConfigNtNtCshUF5v59RDfN_5serde2de11Deserialize11deserializeQNtNtCsaJZAZs7ESo2_10serde_yaml2de22DeserializerFromEventsEB9_
FNDA:0,_RINvXs0_NvXNvNtNtCsjTLMFSz4sfV_13nethsm_pkcs116config11config_files1_1__NtBb_9P11ConfigNtNtCshUF5v59RDfN_5serde2de11Deserialize11deserializeNtB6_9___VisitorNtB1p_7Visitor9visit_mapNtNtCsaJZAZs7ESo2_10serde_yaml2de9MapAccessEBf_
FNDA:0,_RINvXNvXNvNtNtCsjTLMFSz4sfV_13nethsm_pkcs116config11config_files3_1__NtB8_14InstanceConfigNtNtCshUF5v59RDfN_5serde2de11Deserialize11deserializeNtB3_14___FieldVisitorNtB1s_7Visitor9visit_strNtNtCsaJZAZs7ESo2_10serde_yaml5error5ErrorEBc_
FNDA:0,_RINvXNvNtNtCsjTLMFSz4sfV_13nethsm_pkcs116config11config_files_1__NtB5_8LogLevelNtNtCshUF5v59RDfN_5serde2de11Deserialize11deserializeQNtNtCsaJZAZs7ESo2_10serde_yaml2de22DeserializerFromEventsEB9_
FNDA:0,_RINvXNvXNvNtNtCsjTLMFSz4sfV_13nethsm_pkcs116config11config_files7_1__NtB8_10UserConfigNtNtCshUF5v59RDfN_5serde2de11Deserialize11deserializeNtB3_14___FieldVisitorNtB1o_7Visitor9visit_strNtNtCsaJZAZs7ESo2_10serde_yaml5error5ErrorEBc_
FNDA:0,_RINvXs0_NvXNvNtNtCsjTLMFSz4sfV_13nethsm_pkcs116config11config_files7_1__NtBb_10UserConfigNtNtCshUF5v59RDfN_5serde2de11Deserialize11deserializeNtB6_9___VisitorNtB1r_7Visitor9visit_mapQNtNtCsaJZAZs7ESo2_10serde_yaml2de9MapAccessEBf_
FNDA:0,_RINvXs0_NvXNvNtNtCsjTLMFSz4sfV_13nethsm_pkcs116config11config_files3_1__NtBb_14InstanceConfigNtNtCshUF5v59RDfN_5serde2de11Deserialize11deserializeNtB6_9___VisitorNtB1v_7Visitor9visit_mapNtNtCsaJZAZs7ESo2_10serde_yaml2de9MapAccessEBf_
FNDA:0,_RINvXs0_NvXNvNtNtCsjTLMFSz4sfV_13nethsm_pkcs116config11config_files5_1__NtBb_10SlotConfigNtNtCshUF5v59RDfN_5serde2de11Deserialize11deserializeNtB6_9___VisitorNtB1r_7Visitor9visit_mapNtNtCsaJZAZs7ESo2_10serde_yaml2de9MapAccessEBf_
FNDA:0,_RINvXs_NvXNvNtNtCsjTLMFSz4sfV_13nethsm_pkcs116config11config_files1_1__NtBa_9P11ConfigNtNtCshUF5v59RDfN_5serde2de11Deserialize11deserializeNtB5_7___FieldB1m_11deserializeQNtNtCsaJZAZs7ESo2_10serde_yaml2de22DeserializerFromEventsEBe_
FNDA:0,_RINvXNvNtNtCsjTLMFSz4sfV_13nethsm_pkcs116config11config_files1_1__NtB5_9P11ConfigNtNtCshUF5v59RDfN_5serde2de11Deserialize11deserializeNtNtCsaJZAZs7ESo2_10serde_yaml2de12DeserializerEB9_
FNDA:0,_RINvXs_NvXNvNtNtCsjTLMFSz4sfV_13nethsm_pkcs116config11config_files_1__NtBa_8LogLevelNtNtCshUF5v59RDfN_5serde2de11Deserialize11deserializeNtB5_7___FieldB1k_11deserializeQNtNtCsaJZAZs7ESo2_10serde_yaml2de22DeserializerFromEventsEBe_
FNDA:0,_RINvXNvXNvNtNtCsjTLMFSz4sfV_13nethsm_pkcs116config11config_files5_1__NtB8_10SlotConfigNtNtCshUF5v59RDfN_5serde2de11Deserialize11deserializeNtB3_14___FieldVisitorNtB1o_7Visitor9visit_strNtNtCsaJZAZs7ESo2_10serde_yaml5error5ErrorEBc_
FNDA:0,_RINvXNvNtNtCsjTLMFSz4sfV_13nethsm_pkcs116config11config_files3_1__NtB5_14InstanceConfigNtNtCshUF5v59RDfN_5serde2de11Deserialize11deserializeQNtNtCsaJZAZs7ESo2_10serde_yaml2de22DeserializerFromEventsEB9_
FNDA:0,_RINvXs0_NvXNvNtNtCsjTLMFSz4sfV_13nethsm_pkcs116config11config_files_1__NtBb_8LogLevelNtNtCshUF5v59RDfN_5serde2de11Deserialize11deserializeNtB6_9___VisitorNtB1n_7Visitor10visit_enumNtNtCsaJZAZs7ESo2_10serde_yaml2de17UnitVariantAccessEBf_
FNDA:0,_RINvXNvXNvNtNtCsjTLMFSz4sfV_13nethsm_pkcs116config11config_files1_1__NtB8_9P11ConfigNtNtCshUF5v59RDfN_5serde2de11Deserialize11deserializeNtB3_14___FieldVisitorNtB1m_7Visitor9visit_strNtNtCsaJZAZs7ESo2_10serde_yaml5error5ErrorEBc_
FNDA:0,_RINvXs0_NvXNvNtNtCsjTLMFSz4sfV_13nethsm_pkcs116config11config_files1_1__NtBb_9P11ConfigNtNtCshUF5v59RDfN_5serde2de11Deserialize11deserializeNtB6_9___VisitorNtB1p_7Visitor9visit_mapQNtNtCsaJZAZs7ESo2_10serde_yaml2de9MapAccessEBf_
FNDA:0,_RINvXNvXs0_NvXNvNtNtCsjTLMFSz4sfV_13nethsm_pkcs116config11config_files7_1__NtBe_10UserConfigNtNtCshUF5v59RDfN_5serde2de11Deserialize11deserializeNtB9_9___VisitorNtB1u_7Visitor9visit_mapNtB3_17___DeserializeWithB1s_11deserializeQNtNtCsaJZAZs7ESo2_10serde_yaml2de22DeserializerFromEventsEBi_
FNDA:0,_RINvXNvXNvNtNtCsjTLMFSz4sfV_13nethsm_pkcs116config11config_files_1__NtB8_8LogLevelNtNtCshUF5v59RDfN_5serde2de11Deserialize11deserializeNtB3_14___FieldVisitorNtB1k_7Visitor9visit_strNtNtCsaJZAZs7ESo2_10serde_yaml5error5ErrorEBc_
FNDA:0,_RINvXs_NvXNvNtNtCsjTLMFSz4sfV_13nethsm_pkcs116config11config_files7_1__NtBa_10UserConfigNtNtCshUF5v59RDfN_5serde2de11Deserialize11deserializeNtB5_7___FieldB1o_11deserializeQNtNtCsaJZAZs7ESo2_10serde_yaml2de22DeserializerFromEventsEBe_
FNDA:0,_RINvXs0_NvXNvNtNtCsjTLMFSz4sfV_13nethsm_pkcs116config11config_files7_1__NtBb_10UserConfigNtNtCshUF5v59RDfN_5serde2de11Deserialize11deserializeNtB6_9___VisitorNtB1r_7Visitor9visit_mapNtNtCsaJZAZs7ESo2_10serde_yaml2de9MapAccessEBf_
FNDA:0,_RINvXs0_NvXNvNtNtCsjTLMFSz4sfV_13nethsm_pkcs116config11config_files3_1__NtBb_14InstanceConfigNtNtCshUF5v59RDfN_5serde2de11Deserialize11deserializeNtB6_9___VisitorNtB1v_7Visitor9visit_mapQNtNtCsaJZAZs7ESo2_10serde_yaml2de9MapAccessEBf_
FNDA:0,_RINvXs0_NvXNvNtNtCsjTLMFSz4sfV_13nethsm_pkcs116config11config_files5_1__NtBb_10SlotConfigNtNtCshUF5v59RDfN_5serde2de11Deserialize11deserializeNtB6_9___VisitorNtB1r_7Visitor9visit_mapQNtNtCsaJZAZs7ESo2_10serde_yaml2de9MapAccessEBf_
FNF:26
FNH:9
DA:4,0
DA:14,36
DA:15,36
DA:17,36
DA:18,36
DA:19,36
DA:21,36
DA:22,36
DA:23,36
DA:24,0
DA:25,0
DA:26,0
DA:27,0
DA:28,0
DA:29,0
DA:31,0
DA:32,0
DA:33,0
DA:35,0
DA:37,0
DA:38,0
DA:40,0
DA:41,0
DA:43,0
DA:44,0
DA:45,0
DA:50,0
DA:51,0
DA:52,0
DA:53,0
DA:54,0
DA:55,36
DA:57,0
DA:67,0
DA:68,0
DA:69,0
DA:70,0
DA:71,0
DA:72,0
DA:73,0
DA:75,0
DA:79,108
DA:90,180
DA:99,396
DA:109,432
DA:123,72
DA:124,72
DA:125,72
DA:126,0
DA:127,0
DA:128,0
DA:129,72
DA:130,72
DA:132,0
DA:134,72
BRF:0
BRH:0
LF:72
LH:22
end_of_record
SF:/home/sautax/git/nethsm-pkcs11/pkcs11/src/config/device.rs
FN:38,_RNCNvMNtNtCsggOPaNFMSYu_13nethsm_pkcs116config6deviceNtB4_4Slot12is_connected0B8_
FN:44,_RNCNCNCNvMNtNtCsggOPaNFMSYu_13nethsm_pkcs116config6deviceNtB8_4Slot12is_connected000Bc_
FN:41,_RNCNCNvMNtNtCsggOPaNFMSYu_13nethsm_pkcs116config6deviceNtB6_4Slot12is_connected00Ba_
FN:18,_RNvXs1_NtNtCsggOPaNFMSYu_13nethsm_pkcs116config6deviceNtB5_15ClusterInstanceNtNtCskl7yHyHAUN_4core3fmt5Debug3fmt
FN:11,_RNvXs_NtNtCsggOPaNFMSYu_13nethsm_pkcs116config6deviceNtB4_6DeviceNtNtCskl7yHyHAUN_4core3fmt5Debug3fmt
FN:23,_RNvXs4_NtNtCsggOPaNFMSYu_13nethsm_pkcs116config6deviceNtB5_4SlotNtNtCskl7yHyHAUN_4core5clone5Clone5cloneB9_
FN:11,_RNvXs0_NtNtCsggOPaNFMSYu_13nethsm_pkcs116config6deviceNtB5_6DeviceNtNtCskl7yHyHAUN_4core5clone5Clone5cloneB9_
FN:18,_RNvXs2_NtNtCsggOPaNFMSYu_13nethsm_pkcs116config6deviceNtB5_15ClusterInstanceNtNtCskl7yHyHAUN_4core5clone5Clone5cloneB9_
FN:23,_RNvXs3_NtNtCsggOPaNFMSYu_13nethsm_pkcs116config6deviceNtB5_4SlotNtNtCskl7yHyHAUN_4core3fmt5Debug3fmt
FN:35,_RNvMNtNtCsggOPaNFMSYu_13nethsm_pkcs116config6deviceNtB2_4Slot12is_connected
FN:38,_RNCNvMNtNtCsjTLMFSz4sfV_13nethsm_pkcs116config6deviceNtB4_4Slot12is_connected0B8_
FN:44,_RNCNCNCNvMNtNtCsjTLMFSz4sfV_13nethsm_pkcs116config6deviceNtB8_4Slot12is_connected000Bc_
FN:41,_RNCNCNvMNtNtCsjTLMFSz4sfV_13nethsm_pkcs116config6deviceNtB6_4Slot12is_connected00Ba_
FN:23,_RNvXs3_NtNtCsjTLMFSz4sfV_13nethsm_pkcs116config6deviceNtB5_4SlotNtNtCskl7yHyHAUN_4core3fmt5Debug3fmt
FN:11,_RNvXs_NtNtCsjTLMFSz4sfV_13nethsm_pkcs116config6deviceNtB4_6DeviceNtNtCskl7yHyHAUN_4core3fmt5Debug3fmt
FN:18,_RNvXs2_NtNtCsjTLMFSz4sfV_13nethsm_pkcs116config6deviceNtB5_15ClusterInstanceNtNtCskl7yHyHAUN_4core5clone5Clone5cloneB9_
FN:23,_RNvXs4_NtNtCsjTLMFSz4sfV_13nethsm_pkcs116config6deviceNtB5_4SlotNtNtCskl7yHyHAUN_4core5clone5Clone5cloneB9_
FN:11,_RNvXs0_NtNtCsjTLMFSz4sfV_13nethsm_pkcs116config6deviceNtB5_6DeviceNtNtCskl7yHyHAUN_4core5clone5Clone5cloneB9_
FN:18,_RNvXs1_NtNtCsjTLMFSz4sfV_13nethsm_pkcs116config6deviceNtB5_15ClusterInstanceNtNtCskl7yHyHAUN_4core3fmt5Debug3fmt
FN:35,_RNvMNtNtCsjTLMFSz4sfV_13nethsm_pkcs116config6deviceNtB2_4Slot12is_connected
FNDA:41,_RNCNvMNtNtCsggOPaNFMSYu_13nethsm_pkcs116config6deviceNtB4_4Slot12is_connected0B8_
FNDA:41,_RNCNCNCNvMNtNtCsggOPaNFMSYu_13nethsm_pkcs116config6deviceNtB8_4Slot12is_connected000Bc_
FNDA:41,_RNCNCNvMNtNtCsggOPaNFMSYu_13nethsm_pkcs116config6deviceNtB6_4Slot12is_connected00Ba_
FNDA:0,_RNvXs1_NtNtCsggOPaNFMSYu_13nethsm_pkcs116config6deviceNtB5_15ClusterInstanceNtNtCskl7yHyHAUN_4core3fmt5Debug3fmt
FNDA:0,_RNvXs_NtNtCsggOPaNFMSYu_13nethsm_pkcs116config6deviceNtB4_6DeviceNtNtCskl7yHyHAUN_4core3fmt5Debug3fmt
FNDA:0,_RNvXs4_NtNtCsggOPaNFMSYu_13nethsm_pkcs116config6deviceNtB5_4SlotNtNtCskl7yHyHAUN_4core5clone5Clone5cloneB9_
FNDA:0,_RNvXs0_NtNtCsggOPaNFMSYu_13nethsm_pkcs116config6deviceNtB5_6DeviceNtNtCskl7yHyHAUN_4core5clone5Clone5cloneB9_
FNDA:0,_RNvXs2_NtNtCsggOPaNFMSYu_13nethsm_pkcs116config6deviceNtB5_15ClusterInstanceNtNtCskl7yHyHAUN_4core5clone5Clone5cloneB9_
FNDA:0,_RNvXs3_NtNtCsggOPaNFMSYu_13nethsm_pkcs116config6deviceNtB5_4SlotNtNtCskl7yHyHAUN_4core3fmt5Debug3fmt
FNDA:41,_RNvMNtNtCsggOPaNFMSYu_13nethsm_pkcs116config6deviceNtB2_4Slot12is_connected
FNDA:0,_RNCNvMNtNtCsjTLMFSz4sfV_13nethsm_pkcs116config6deviceNtB4_4Slot12is_connected0B8_
FNDA:0,_RNCNCNCNvMNtNtCsjTLMFSz4sfV_13nethsm_pkcs116config6deviceNtB8_4Slot12is_connected000Bc_
FNDA:0,_RNCNCNvMNtNtCsjTLMFSz4sfV_13nethsm_pkcs116config6deviceNtB6_4Slot12is_connected00Ba_
FNDA:0,_RNvXs3_NtNtCsjTLMFSz4sfV_13nethsm_pkcs116config6deviceNtB5_4SlotNtNtCskl7yHyHAUN_4core3fmt5Debug3fmt
FNDA:0,_RNvXs_NtNtCsjTLMFSz4sfV_13nethsm_pkcs116config6deviceNtB4_6DeviceNtNtCskl7yHyHAUN_4core3fmt5Debug3fmt
FNDA:0,_RNvXs2_NtNtCsjTLMFSz4sfV_13nethsm_pkcs116config6deviceNtB5_15ClusterInstanceNtNtCskl7yHyHAUN_4core5clone5Clone5cloneB9_
FNDA:0,_RNvXs4_NtNtCsjTLMFSz4sfV_13nethsm_pkcs116config6deviceNtB5_4SlotNtNtCskl7yHyHAUN_4core5clone5Clone5cloneB9_
FNDA:0,_RNvXs0_NtNtCsjTLMFSz4sfV_13nethsm_pkcs116config6deviceNtB5_6DeviceNtNtCskl7yHyHAUN_4core5clone5Clone5cloneB9_
FNDA:0,_RNvXs1_NtNtCsjTLMFSz4sfV_13nethsm_pkcs116config6deviceNtB5_15ClusterInstanceNtNtCskl7yHyHAUN_4core3fmt5Debug3fmt
FNDA:0,_RNvMNtNtCsjTLMFSz4sfV_13nethsm_pkcs116config6deviceNtB2_4Slot12is_connected
FNF:10
FNH:4
DA:11,0
DA:18,0
DA:23,0
DA:35,41
DA:36,41
DA:37,41
DA:38,41
DA:39,41
DA:40,41
DA:41,41
DA:42,41
DA:43,41
DA:44,41
DA:45,41
DA:46,41
DA:47,41
DA:48,41
DA:49,41
DA:50,41
BRF:0
BRH:0
LF:27
LH:21
end_of_record
SF:/home/sautax/git/nethsm-pkcs11/pkcs11/src/config/initialization.rs
FN:21,_RNvNtNtCsggOPaNFMSYu_13nethsm_pkcs116config14initialization24initialize_configuration
FN:39,_RNvNtNtCsggOPaNFMSYu_13nethsm_pkcs116config14initialization16slot_from_config
FN:13,_RNvXNtNtCsggOPaNFMSYu_13nethsm_pkcs116config14initializationNtB2_19InitializationErrorNtNtCskl7yHyHAUN_4core3fmt5Debug3fmt
FN:21,_RNvNtNtCsjTLMFSz4sfV_13nethsm_pkcs116config14initialization24initialize_configuration
FN:13,_RNvXNtNtCsjTLMFSz4sfV_13nethsm_pkcs116config14initializationNtB2_19InitializationErrorNtNtCskl7yHyHAUN_4core3fmt5Debug3fmt
FN:39,_RNvNtNtCsjTLMFSz4sfV_13nethsm_pkcs116config14initialization16slot_from_config
FNDA:36,_RNvNtNtCsggOPaNFMSYu_13nethsm_pkcs116config14initialization24initialize_configuration
FNDA:36,_RNvNtNtCsggOPaNFMSYu_13nethsm_pkcs116config14initialization16slot_from_config
FNDA:0,_RNvXNtNtCsggOPaNFMSYu_13nethsm_pkcs116config14initializationNtB2_19InitializationErrorNtNtCskl7yHyHAUN_4core3fmt5Debug3fmt
FNDA:0,_RNvNtNtCsjTLMFSz4sfV_13nethsm_pkcs116config14initialization24initialize_configuration
FNDA:0,_RNvXNtNtCsjTLMFSz4sfV_13nethsm_pkcs116config14initializationNtB2_19InitializationErrorNtNtCskl7yHyHAUN_4core3fmt5Debug3fmt
FNDA:0,_RNvNtNtCsjTLMFSz4sfV_13nethsm_pkcs116config14initialization16slot_from_config
FNF:3
FNH:2
DA:13,0
DA:21,36
DA:22,36
DA:23,36
DA:24,36
DA:25,36
DA:26,36
DA:27,36
DA:28,36
DA:29,36
DA:32,36
DA:33,36
DA:34,36
DA:35,36
DA:36,36
DA:37,36
DA:39,36
DA:40,36
DA:42,36
DA:43,36
DA:44,36
DA:45,36
DA:46,36
DA:48,36
DA:49,36
DA:50,36
DA:51,36
DA:53,36
DA:54,0
DA:55,0
DA:56,0
DA:57,0
DA:58,36
DA:59,36
DA:60,0
DA:61,0
DA:62,0
DA:63,0
DA:64,0
DA:65,0
DA:66,0
DA:67,0
DA:68,36
DA:70,36
DA:71,36
DA:72,36
DA:74,36
DA:75,36
DA:76,36
DA:77,36
DA:78,36
DA:79,36
DA:80,36
DA:81,36
DA:84,36
DA:85,36
DA:86,36
DA:87,36
DA:88,36
DA:89,36
DA:90,36
DA:91,36
DA:92,36
BRF:0
BRH:0
LF:63
LH:50
end_of_record
SF:/home/sautax/git/nethsm-pkcs11/pkcs11/src/config/logging.rs
FN:4,_RNvNtNtCsggOPaNFMSYu_13nethsm_pkcs116config7logging16configure_logger
FN:4,_RNvNtNtCsjTLMFSz4sfV_13nethsm_pkcs116config7logging16configure_logger
FNDA:36,_RNvNtNtCsggOPaNFMSYu_13nethsm_pkcs116config7logging16configure_logger
FNDA:0,_RNvNtNtCsjTLMFSz4sfV_13nethsm_pkcs116config7logging16configure_logger
FNF:1
FNH:1
DA:4,36
DA:5,36
DA:9,36
DA:10,0
DA:11,36
DA:13,36
DA:14,0
DA:15,0
DA:16,0
DA:17,0
DA:18,0
DA:19,0
DA:20,0
DA:21,0
DA:22,0
DA:23,36
DA:25,36
DA:26,36
BRF:0
BRH:0
LF:18
LH:8
end_of_record
SF:/home/sautax/git/nethsm-pkcs11/pkcs11/src/utils.rs
FN:5,_RNvNtCsggOPaNFMSYu_13nethsm_pkcs115utils12get_tokio_rt
FN:5,_RNvNtCsjTLMFSz4sfV_13nethsm_pkcs115utils12get_tokio_rt
FNDA:841,_RNvNtCsggOPaNFMSYu_13nethsm_pkcs115utils12get_tokio_rt
FNDA:0,_RNvNtCsjTLMFSz4sfV_13nethsm_pkcs115utils12get_tokio_rt
FNF:1
FNH:1
DA:5,841
DA:6,841
DA:7,841
BRF:0
BRH:0
LF:3
LH:3
end_of_record
